TN:
SF:src/erc-20/ERC20Boost.sol
FN:42,ERC20Boost.gauges
FNDA:1051,ERC20Boost.gauges
DA:43,1051
FN:47,ERC20Boost.gauges
FNDA:1,ERC20Boost.gauges
DA:48,1
DA:49,1
DA:51,1
DA:52,1
FN:58,ERC20Boost.isGauge
FNDA:3,ERC20Boost.isGauge
DA:59,3
FN:63,ERC20Boost.numGauges
FNDA:2,ERC20Boost.numGauges
DA:64,2
FN:68,ERC20Boost.deprecatedGauges
FNDA:9,ERC20Boost.deprecatedGauges
DA:69,9
FN:73,ERC20Boost.numDeprecatedGauges
FNDA:2,ERC20Boost.numDeprecatedGauges
DA:74,2
FN:78,ERC20Boost.freeGaugeBoost
FNDA:3,ERC20Boost.freeGaugeBoost
DA:79,21067
FN:83,ERC20Boost.userGauges
FNDA:1038,ERC20Boost.userGauges
DA:84,1038
FN:88,ERC20Boost.isUserGauge
FNDA:10,ERC20Boost.isUserGauge
DA:89,10
FN:93,ERC20Boost.userGauges
FNDA:1,ERC20Boost.userGauges
DA:99,1
DA:100,1
DA:101,1
DA:103,1
DA:104,1
FN:110,ERC20Boost.numUserGauges
FNDA:2,ERC20Boost.numUserGauges
DA:111,2
FN:119,ERC20Boost.attach
FNDA:1040,ERC20Boost.attach
DA:120,1040
BRDA:120,0,0,2
BRDA:120,0,1,1038
DA:121,2
DA:125,1038
BRDA:125,1,0,1
BRDA:125,1,1,1037
DA:127,1037
DA:129,1037
BRDA:129,2,0,1026
BRDA:129,2,1,1037
DA:130,1026
DA:131,1026
DA:134,1037
DA:135,1037
BRDA:135,3,0,1033
BRDA:135,3,1,1037
DA:136,1033
DA:137,1033
DA:138,1033
DA:141,1037
FN:145,ERC20Boost.detach
FNDA:7,ERC20Boost.detach
DA:146,7
BRDA:146,4,0,-
BRDA:146,4,1,7
DA:147,7
DA:149,7
FN:157,ERC20Boost.updateUserBoost
FNDA:3,ERC20Boost.updateUserBoost
DA:158,3
DA:160,3
DA:162,3
DA:163,3
DA:164,3
DA:166,3
BRDA:166,5,0,2
BRDA:166,5,1,3
DA:169,3
DA:172,3
DA:174,3
FN:178,ERC20Boost.decrementGaugeBoost
FNDA:3,ERC20Boost.decrementGaugeBoost
DA:179,3
DA:180,3
DA:182,3
BRDA:182,6,0,-
BRDA:182,6,1,2
DA:183,2
BRDA:183,7,0,-
BRDA:183,7,1,2
DA:184,2
DA:186,2
DA:188,1
DA:189,1
DA:191,1
FN:196,ERC20Boost.decrementGaugeAllBoost
FNDA:1,ERC20Boost.decrementGaugeAllBoost
DA:197,1
BRDA:197,8,0,-
BRDA:197,8,1,1
DA:198,1
DA:200,1
FN:204,ERC20Boost.decrementAllGaugesBoost
FNDA:1,ERC20Boost.decrementAllGaugesBoost
DA:205,1
FN:209,ERC20Boost.decrementGaugesBoostIndexed
FNDA:3,ERC20Boost.decrementGaugesBoostIndexed
DA:210,4
DA:212,4
DA:214,4
DA:215,4
DA:216,5
DA:218,5
DA:219,5
DA:221,5
BRDA:221,9,0,-
BRDA:221,9,1,1
DA:222,1
BRDA:222,10,0,-
BRDA:222,10,1,1
DA:223,1
DA:225,1
DA:227,4
DA:228,4
DA:230,4
DA:234,5
FN:240,ERC20Boost.decrementAllGaugesAllBoost
FNDA:1,ERC20Boost.decrementAllGaugesAllBoost
DA:241,1
DA:244,1
DA:247,1
DA:248,1
DA:249,2
DA:251,2
BRDA:251,11,0,-
BRDA:251,11,1,2
DA:252,2
DA:254,2
DA:257,2
DA:261,1
DA:263,1
FN:271,ERC20Boost.addGauge
FNDA:1055,ERC20Boost.addGauge
DA:272,1054
FN:275,ERC20Boost._addGauge
FNDA:1055,ERC20Boost._addGauge
DA:277,1055
BRDA:277,12,0,2
BRDA:277,12,1,1053
DA:279,1053
FN:283,ERC20Boost.removeGauge
FNDA:9,ERC20Boost.removeGauge
DA:284,8
FN:287,ERC20Boost._removeGauge
FNDA:9,ERC20Boost._removeGauge
DA:289,9
BRDA:289,13,0,-
BRDA:289,13,1,9
DA:291,9
FN:295,ERC20Boost.replaceGauge
FNDA:1,ERC20Boost.replaceGauge
DA:296,1
DA:297,1
FN:312,ERC20Boost._burn
FNDA:2,ERC20Boost._burn
DA:313,1
FN:322,ERC20Boost.transfer
FNDA:18185,ERC20Boost.transfer
DA:323,18184
FN:333,ERC20Boost.transferFrom
FNDA:2877,ERC20Boost.transferFrom
DA:339,2876
BRDA:339,14,0,-
BRDA:339,14,1,2876
DA:341,2876
FNF:27
FNH:27
LF:94
LH:94
BRF:30
BRH:21
end_of_record
TN:
SF:src/erc-20/ERC20Gauges.sol
FN:71,ERC20Gauges.getGaugeCycleEnd
FNDA:1000,ERC20Gauges.getGaugeCycleEnd
DA:72,1000
FN:75,ERC20Gauges._getGaugeCycleEnd
FNDA:33404,ERC20Gauges._getGaugeCycleEnd
DA:76,33404
DA:79,33404
FN:84,ERC20Gauges.getGaugeWeight
FNDA:34504,ERC20Gauges.getGaugeWeight
DA:85,34504
FN:89,ERC20Gauges.getStoredGaugeWeight
FNDA:12,ERC20Gauges.getStoredGaugeWeight
DA:90,12
BRDA:90,0,0,-
BRDA:90,0,1,12
DA:91,12
FN:94,ERC20Gauges._getStoredWeight
FNDA:98,ERC20Gauges._getStoredWeight
DA:95,98
FN:99,ERC20Gauges.totalWeight
FNDA:16258,ERC20Gauges.totalWeight
DA:100,16258
FN:104,ERC20Gauges.storedTotalWeight
FNDA:10,ERC20Gauges.storedTotalWeight
DA:105,10
FN:109,ERC20Gauges.gauges
FNDA:8009,ERC20Gauges.gauges
DA:110,8009
FN:114,ERC20Gauges.gauges
FNDA:9,ERC20Gauges.gauges
DA:115,9
DA:116,9
DA:118,17
DA:119,17
FN:125,ERC20Gauges.isGauge
FNDA:24161,ERC20Gauges.isGauge
DA:126,24161
FN:130,ERC20Gauges.numGauges
FNDA:10003,ERC20Gauges.numGauges
DA:131,10003
FN:135,ERC20Gauges.deprecatedGauges
FNDA:1002,ERC20Gauges.deprecatedGauges
DA:136,1002
FN:140,ERC20Gauges.numDeprecatedGauges
FNDA:1002,ERC20Gauges.numDeprecatedGauges
DA:141,1002
FN:145,ERC20Gauges.userGauges
FNDA:2,ERC20Gauges.userGauges
DA:146,2
FN:150,ERC20Gauges.isUserGauge
FNDA:7141,ERC20Gauges.isUserGauge
DA:151,7141
FN:155,ERC20Gauges.userGauges
FNDA:0,ERC20Gauges.userGauges
DA:161,0
DA:162,0
DA:163,0
DA:165,0
DA:166,0
FN:172,ERC20Gauges.numUserGauges
FNDA:2,ERC20Gauges.numUserGauges
DA:173,2
FN:177,ERC20Gauges.userUnusedVotes
FNDA:8,ERC20Gauges.userUnusedVotes
DA:178,19995
FN:182,ERC20Gauges.calculateGaugeAllocation
FNDA:38,ERC20Gauges.calculateGaugeAllocation
DA:183,38
BRDA:183,1,0,-
BRDA:183,1,1,38
DA:184,38
DA:187,38
DA:188,38
FN:196,ERC20Gauges.incrementGauge
FNDA:27314,ERC20Gauges.incrementGauge
DA:197,27314
DA:198,27314
DA:199,25313
FN:210,ERC20Gauges._incrementGaugeWeight
FNDA:27325,ERC20Gauges._incrementGaugeWeight
DA:211,27325
BRDA:211,2,0,1001
BRDA:211,2,1,26324
DA:213,26324
BRDA:213,3,0,1000
BRDA:213,3,1,25324
DA:216,25324
DA:218,25324
DA:221,25324
BRDA:221,4,0,1
BRDA:221,4,1,4183
DA:222,25315
BRDA:222,5,0,1
BRDA:222,5,1,4183
DA:223,4184
BRDA:223,6,0,1
BRDA:223,6,1,4183
DA:224,1
DA:229,25323
DA:231,25323
DA:233,25323
FN:243,ERC20Gauges._incrementUserAndGlobalWeights
FNDA:25318,ERC20Gauges._incrementUserAndGlobalWeights
DA:247,25318
DA:250,25318
BRDA:250,7,0,1001
BRDA:250,7,1,24317
DA:253,24317
DA:255,24317
FN:259,ERC20Gauges.incrementGauges
FNDA:7,ERC20Gauges.incrementGauges
DA:264,7
DA:265,7
BRDA:265,8,0,1
BRDA:265,8,1,6
DA:268,6
DA:270,6
DA:273,6
DA:274,11
DA:275,11
DA:276,11
DA:278,11
DA:280,10
DA:283,5
FN:287,ERC20Gauges.decrementGauge
FNDA:1011,ERC20Gauges.decrementGauge
DA:288,1011
DA:291,1011
DA:292,11
BRDA:292,9,0,11
BRDA:292,9,1,11
DA:293,11
DA:295,11
FN:306,ERC20Gauges._decrementGaugeWeight
FNDA:1021,ERC20Gauges._decrementGaugeWeight
DA:307,1021
BRDA:307,10,0,-
BRDA:307,10,1,1021
DA:309,1021
DA:311,1021
DA:313,1021
DA:314,20
BRDA:314,11,0,-
BRDA:314,11,1,14
DA:316,14
BRDA:316,12,0,-
BRDA:316,12,1,14
DA:319,20
DA:321,20
FN:330,ERC20Gauges._decrementUserWeights
FNDA:12,ERC20Gauges._decrementUserWeights
DA:331,12
DA:332,12
FN:336,ERC20Gauges.decrementGauges
FNDA:3,ERC20Gauges.decrementGauges
DA:342,3
DA:343,3
BRDA:343,13,0,1
BRDA:343,13,1,2
DA:346,2
DA:347,2
DA:349,2
DA:353,2
DA:354,4
DA:355,4
DA:356,4
DA:357,4
BRDA:357,14,0,4
BRDA:357,14,1,4
DA:359,4
DA:361,3
DA:364,1
DA:366,1
FN:378,ERC20Gauges._writeGaugeWeight
FNDA:52678,ERC20Gauges._writeGaugeWeight
DA:384,52678
DA:386,52678
DA:387,52678
DA:389,52678
DA:390,52678
DA:391,52678
FN:394,ERC20Gauges._add112
FNDA:50640,ERC20Gauges._add112
DA:395,50640
FN:398,ERC20Gauges._subtract112
FNDA:2038,ERC20Gauges._subtract112
DA:399,2038
FN:413,ERC20Gauges.addGauge
FNDA:31372,ERC20Gauges.addGauge
DA:414,31371
FN:422,ERC20Gauges._addGauge
FNDA:31372,ERC20Gauges._addGauge
DA:424,31372
BRDA:424,15,0,9
BRDA:424,15,1,31363
DA:427,31363
DA:428,31363
BRDA:428,16,0,1000
BRDA:428,16,1,31363
DA:429,1000
DA:432,31363
FN:436,ERC20Gauges.removeGauge
FNDA:3008,ERC20Gauges.removeGauge
DA:437,3007
FN:444,ERC20Gauges._removeGauge
FNDA:3008,ERC20Gauges._removeGauge
DA:446,3008
BRDA:446,17,0,1
BRDA:446,17,1,3007
DA:448,3007
DA:451,3007
DA:452,3007
BRDA:452,18,0,2002
BRDA:452,18,1,3007
DA:453,2002
DA:456,3007
FN:460,ERC20Gauges.replaceGauge
FNDA:2,ERC20Gauges.replaceGauge
DA:461,1
DA:462,1
FN:466,ERC20Gauges.setMaxGauges
FNDA:11079,ERC20Gauges.setMaxGauges
DA:467,10079
DA:468,10079
DA:470,10079
FN:474,ERC20Gauges.setContractExceedMaxGauges
FNDA:1003,ERC20Gauges.setContractExceedMaxGauges
DA:475,1002
BRDA:475,19,0,1
BRDA:475,19,1,1001
BRDA:475,20,0,1
BRDA:475,20,1,1001
DA:477,1001
DA:479,1001
FN:482,ERC20Gauges.setFlywheelBooster
FNDA:1000,ERC20Gauges.setFlywheelBooster
DA:483,1000
BRDA:483,21,0,-
BRDA:483,21,1,1000
DA:484,1000
DA:486,1000
FN:503,ERC20Gauges._burn
FNDA:2,ERC20Gauges._burn
DA:504,2
DA:505,2
FN:514,ERC20Gauges.transfer
FNDA:17113,ERC20Gauges.transfer
DA:515,17113
DA:516,17113
FN:526,ERC20Gauges.transferFrom
FNDA:2867,ERC20Gauges.transferFrom
DA:527,2867
DA:529,2867
BRDA:529,22,0,-
BRDA:529,22,1,2867
DA:531,2867
FN:540,ERC20Gauges._decrementWeightUntilFree
FNDA:19982,ERC20Gauges._decrementWeightUntilFree
DA:541,19982
DA:544,19982
BRDA:544,23,0,19978
BRDA:544,23,1,4
DA:546,4
DA:549,4
DA:550,4
DA:553,4
DA:556,4
DA:557,4
DA:558,6
DA:559,6
DA:560,6
BRDA:560,24,0,4
BRDA:560,24,1,6
DA:562,6
BRDA:562,25,0,4
BRDA:562,25,1,6
DA:563,4
DA:565,6
DA:566,6
DA:570,6
DA:574,4
DA:575,4
FNF:42
FNH:41
LF:146
LH:141
BRF:52
BRH:45
end_of_record
TN:
SF:src/erc-20/ERC20MultiVotes.sol
FN:32,ERC20MultiVotes.checkpoints
FNDA:7,ERC20MultiVotes.checkpoints
DA:33,7
FN:37,ERC20MultiVotes.numCheckpoints
FNDA:4,ERC20MultiVotes.numCheckpoints
DA:38,4
FN:42,ERC20MultiVotes.freeVotes
FNDA:2009,ERC20MultiVotes.freeVotes
DA:43,111575
FN:47,ERC20MultiVotes.getVotes
FNDA:16389,ERC20MultiVotes.getVotes
DA:48,63708
DA:49,63708
FN:53,ERC20MultiVotes.userUnusedVotes
FNDA:19995,ERC20MultiVotes.userUnusedVotes
DA:54,22001
FN:58,ERC20MultiVotes.getPriorVotes
FNDA:6,ERC20MultiVotes.getPriorVotes
DA:59,6
BRDA:59,0,0,1
BRDA:59,0,1,5
DA:60,5
FN:64,ERC20MultiVotes._checkpointsLookup
FNDA:5,ERC20MultiVotes._checkpointsLookup
DA:66,5
DA:67,5
DA:68,15
DA:69,10
DA:70,10
BRDA:70,1,0,4
BRDA:70,1,1,6
DA:71,4
DA:73,6
DA:77,5
FN:80,ERC20MultiVotes._average
FNDA:10,ERC20MultiVotes._average
DA:82,10
FN:96,ERC20MultiVotes.setMaxDelegates
FNDA:13067,ERC20MultiVotes.setMaxDelegates
DA:97,13066
DA:98,13066
DA:100,13066
FN:104,ERC20MultiVotes.setContractExceedMaxDelegates
FNDA:4,ERC20MultiVotes.setContractExceedMaxDelegates
DA:105,3
BRDA:105,2,0,1
BRDA:105,2,1,2
DA:107,2
DA:109,2
FN:126,ERC20MultiVotes.delegatesVotesCount
FNDA:18388,ERC20MultiVotes.delegatesVotesCount
DA:127,18388
FN:131,ERC20MultiVotes.delegates
FNDA:0,ERC20MultiVotes.delegates
DA:132,0
FN:136,ERC20MultiVotes.delegateCount
FNDA:2,ERC20MultiVotes.delegateCount
DA:137,43419
FN:141,ERC20MultiVotes.incrementDelegation
FNDA:23473,ERC20MultiVotes.incrementDelegation
DA:142,23473
FN:146,ERC20MultiVotes.undelegate
FNDA:5,ERC20MultiVotes.undelegate
DA:147,5
FN:151,ERC20MultiVotes.delegate
FNDA:12036,ERC20MultiVotes.delegate
DA:152,12036
FN:161,ERC20MultiVotes._delegate
FNDA:13036,ERC20MultiVotes._delegate
DA:162,13036
DA:165,13036
BRDA:165,3,0,-
BRDA:165,3,1,13036
DA:167,13036
DA:169,13036
BRDA:169,4,0,1999
BRDA:169,4,1,13036
DA:170,1999
DA:171,1999
DA:175,13036
BRDA:175,5,0,13035
BRDA:175,5,1,13036
DA:176,13035
DA:178,13036
FN:188,ERC20MultiVotes._incrementDelegation
FNDA:36508,ERC20MultiVotes._incrementDelegation
DA:190,36508
BRDA:190,6,0,3
BRDA:190,6,1,36505
DA:193,36505
BRDA:193,7,0,1
BRDA:193,7,1,1
DA:194,30381
BRDA:194,8,0,1
BRDA:194,8,1,1
DA:195,2
BRDA:195,9,0,1
BRDA:195,9,1,1
DA:197,1
DA:202,36504
DA:203,36504
DA:205,36504
DA:206,36504
FN:216,ERC20MultiVotes._undelegate
FNDA:2004,ERC20MultiVotes._undelegate
DA:223,2004
BRDA:223,10,0,1
BRDA:223,10,1,2003
DA:225,2003
DA:227,2003
BRDA:227,11,0,-
BRDA:227,11,1,2000
DA:228,2000
BRDA:228,12,0,-
BRDA:228,12,1,2000
DA:231,2003
DA:232,2003
DA:234,2003
DA:235,2003
FN:244,ERC20MultiVotes._writeCheckpoint
FNDA:38514,ERC20MultiVotes._writeCheckpoint
DA:247,38514
DA:249,38514
DA:250,38514
DA:251,38514
DA:253,38514
BRDA:253,13,0,-
BRDA:253,13,1,8134
DA:254,8134
DA:256,30380
DA:258,38514
FN:261,ERC20MultiVotes._add
FNDA:36504,ERC20MultiVotes._add
DA:262,36504
FN:265,ERC20MultiVotes._subtract
FNDA:2010,ERC20MultiVotes._subtract
DA:266,2010
FN:283,ERC20MultiVotes._burn
FNDA:3,ERC20MultiVotes._burn
DA:284,3
DA:285,3
FN:294,ERC20MultiVotes.transfer
FNDA:34293,ERC20MultiVotes.transfer
DA:295,34293
DA:296,34293
FN:306,ERC20MultiVotes.transferFrom
FNDA:5747,ERC20MultiVotes.transferFrom
DA:307,5747
DA:309,5747
BRDA:309,14,0,-
BRDA:309,14,1,5747
DA:311,5747
FN:320,ERC20MultiVotes._decrementVotesUntilFree
FNDA:40043,ERC20MultiVotes._decrementVotesUntilFree
DA:321,40043
DA:324,40043
BRDA:324,15,0,40037
BRDA:324,15,1,6
DA:327,6
DA:329,6
DA:332,6
DA:335,6
DA:336,6
DA:337,7
DA:338,7
DA:340,7
DA:342,7
BRDA:342,16,0,-
BRDA:342,16,1,5
DA:343,7
DA:345,7
BRDA:345,17,0,-
BRDA:345,17,1,5
DA:347,5
BRDA:347,18,0,-
BRDA:347,18,1,5
DA:348,5
DA:351,2
DA:354,7
DA:355,7
DA:359,6
BRDA:359,19,0,-
BRDA:359,19,1,6
DA:361,6
FN:371,ERC20MultiVotes.delegateBySig
FNDA:1000,ERC20MultiVotes.delegateBySig
DA:372,1000
BRDA:372,20,0,-
BRDA:372,20,1,1000
DA:373,1000
DA:383,1000
BRDA:383,21,0,-
BRDA:383,21,1,1000
DA:384,1000
BRDA:384,22,0,-
BRDA:384,22,1,1000
DA:385,1000
FNF:27
FNH:26
LF:97
LH:96
BRF:46
BRH:34
end_of_record
TN:
SF:src/erc-4626/ERC4626.sol
FN:32,ERC4626.deposit
FNDA:3879,ERC4626.deposit
DA:34,3879
BRDA:34,0,0,-
BRDA:34,0,1,3879
DA:37,3879
DA:39,3878
DA:41,3878
DA:43,3878
FN:47,ERC4626.mint
FNDA:2011,ERC4626.mint
DA:48,2011
DA:51,2011
DA:53,2011
DA:55,2011
DA:57,2011
FN:61,ERC4626.withdraw
FNDA:1006,ERC4626.withdraw
DA:62,1006
DA:64,1006
BRDA:64,1,0,2
BRDA:64,1,1,-
DA:65,2
DA:67,2
BRDA:67,2,0,2
BRDA:67,2,1,-
DA:70,1004
DA:72,1004
DA:74,1004
DA:76,1004
FN:80,ERC4626.redeem
FNDA:1003,ERC4626.redeem
DA:81,1003
BRDA:81,3,0,-
BRDA:81,3,1,-
DA:82,0
DA:84,0
BRDA:84,4,0,-
BRDA:84,4,1,-
DA:88,1003
BRDA:88,5,0,-
BRDA:88,5,1,1003
DA:90,1003
DA:92,1003
DA:94,1003
DA:96,1003
FN:106,ERC4626.convertToShares
FNDA:5,ERC4626.convertToShares
DA:107,9746
DA:109,9746
FN:113,ERC4626.convertToAssets
FNDA:6031,ERC4626.convertToAssets
DA:114,10034
DA:116,10034
FN:120,ERC4626.previewDeposit
FNDA:5862,ERC4626.previewDeposit
DA:121,9741
FN:125,ERC4626.previewMint
FNDA:0,ERC4626.previewMint
DA:126,2011
DA:128,2011
FN:132,ERC4626.previewWithdraw
FNDA:2001,ERC4626.previewWithdraw
DA:133,3007
DA:135,3007
FN:139,ERC4626.previewRedeem
FNDA:0,ERC4626.previewRedeem
DA:140,1003
FN:148,ERC4626.maxDeposit
FNDA:2000,ERC4626.maxDeposit
DA:149,2000
FN:153,ERC4626.maxMint
FNDA:2000,ERC4626.maxMint
DA:154,2000
FN:158,ERC4626.maxWithdraw
FNDA:3000,ERC4626.maxWithdraw
DA:159,3000
FN:163,ERC4626.maxRedeem
FNDA:3000,ERC4626.maxRedeem
DA:164,3000
FN:171,ERC4626.beforeWithdraw
FNDA:0,ERC4626.beforeWithdraw
FN:173,ERC4626.afterDeposit
FNDA:1875,ERC4626.afterDeposit
FNF:16
FNH:13
LF:40
LH:38
BRF:12
BRH:4
end_of_record
TN:
SF:src/erc-4626/ERC4626DepositOnly.sol
FN:20,ERC4626DepositOnly.withdraw
FNDA:1,ERC4626DepositOnly.withdraw
DA:21,1
FN:25,ERC4626DepositOnly.redeem
FNDA:1,ERC4626DepositOnly.redeem
DA:26,1
FN:34,ERC4626DepositOnly.previewWithdraw
FNDA:1,ERC4626DepositOnly.previewWithdraw
DA:35,1
FN:39,ERC4626DepositOnly.previewRedeem
FNDA:1,ERC4626DepositOnly.previewRedeem
DA:40,1
FN:48,ERC4626DepositOnly.maxWithdraw
FNDA:2000,ERC4626DepositOnly.maxWithdraw
DA:49,0
FN:53,ERC4626DepositOnly.maxRedeem
FNDA:2000,ERC4626DepositOnly.maxRedeem
DA:54,0
FN:61,ERC4626DepositOnly.beforeWithdraw
FNDA:0,ERC4626DepositOnly.beforeWithdraw
FNF:7
FNH:6
LF:6
LH:4
BRF:0
BRH:0
end_of_record
TN:
SF:src/gauges/BaseV2Gauge.sol
FN:63,BaseV2Gauge.newEpoch
FNDA:66004,BaseV2Gauge.newEpoch
DA:64,66004
DA:66,66004
DA:68,66004
BRDA:68,0,0,9002
BRDA:68,0,1,66004
DA:69,9002
DA:70,9002
FN:78,BaseV2Gauge.attachUser
FNDA:6,BaseV2Gauge.attachUser
DA:79,6
FN:83,BaseV2Gauge.detachUser
FNDA:4,BaseV2Gauge.detachUser
DA:84,4
FNF:3
FNH:3
LF:7
LH:7
BRF:2
BRH:2
end_of_record
TN:
SF:src/gauges/UniswapV3Gauge.sol
FN:55,UniswapV3Gauge._distribute
FNDA:4001,UniswapV3Gauge._distribute
DA:56,4001
FN:64,UniswapV3Gauge.setMinimumWidth
FNDA:0,UniswapV3Gauge.setMinimumWidth
DA:65,0
DA:67,0
FNF:2
FNH:1
LF:3
LH:1
BRF:0
BRH:0
end_of_record
TN:
SF:src/gauges/factories/BaseV2GaugeFactory.sol
FN:64,BaseV2GaugeFactory.getGauges
FNDA:70385,BaseV2GaugeFactory.getGauges
DA:65,70385
FN:73,BaseV2GaugeFactory.newEpoch
FNDA:4000,BaseV2GaugeFactory.newEpoch
DA:74,4000
DA:76,4000
DA:77,4000
DA:78,6000
BRDA:78,0,0,-
BRDA:78,0,1,4000
DA:81,6000
FN:87,BaseV2GaugeFactory.newEpoch
FNDA:70000,BaseV2GaugeFactory.newEpoch
DA:88,70000
DA:90,70000
DA:91,70000
BRDA:91,1,0,28000
BRDA:91,1,1,70000
DA:93,70000
DA:94,128000
BRDA:94,2,0,-
BRDA:94,2,1,73000
DA:97,128000
FN:109,BaseV2GaugeFactory.createGauge
FNDA:69116,BaseV2GaugeFactory.createGauge
DA:110,67116
BRDA:110,3,0,2000
BRDA:110,3,1,65116
DA:112,65116
DA:113,65116
DA:115,65116
DA:116,65116
DA:117,65116
DA:118,65116
DA:120,65116
DA:122,65116
FN:130,BaseV2GaugeFactory.removeGauge
FNDA:15110,BaseV2GaugeFactory.removeGauge
DA:131,13110
BRDA:131,4,0,5000
BRDA:131,4,1,8110
DA:132,8110
DA:133,8110
DA:134,8110
DA:135,8110
DA:136,8110
FNF:5
FNH:5
LF:27
LH:27
BRF:10
BRH:8
end_of_record
TN:
SF:src/gauges/factories/BaseV2GaugeManager.sol
FN:57,BaseV2GaugeManager.getGaugeFactories
FNDA:41000,BaseV2GaugeManager.getGaugeFactories
DA:58,41000
FN:66,BaseV2GaugeManager.newEpoch
FNDA:2000,BaseV2GaugeManager.newEpoch
DA:67,2000
DA:69,2000
DA:70,2000
DA:71,3000
BRDA:71,0,0,-
BRDA:71,0,1,1000
DA:74,3000
FN:80,BaseV2GaugeManager.newEpoch
FNDA:35000,BaseV2GaugeManager.newEpoch
DA:81,35000
DA:83,35000
DA:84,35000
BRDA:84,1,0,14000
BRDA:84,1,1,35000
DA:86,35000
DA:87,64000
BRDA:87,2,0,-
BRDA:87,2,1,9000
DA:90,64000
FN:100,BaseV2GaugeManager.addGauge
FNDA:2000,BaseV2GaugeManager.addGauge
DA:101,0
DA:102,0
FN:106,BaseV2GaugeManager.removeGauge
FNDA:3000,BaseV2GaugeManager.removeGauge
DA:107,1000
DA:108,1000
FN:116,BaseV2GaugeManager.addGaugeFactory
FNDA:38000,BaseV2GaugeManager.addGaugeFactory
DA:117,37000
BRDA:117,3,0,1000
BRDA:117,3,1,36000
DA:119,36000
DA:120,36000
DA:121,36000
DA:123,36000
FN:127,BaseV2GaugeManager.removeGaugeFactory
FNDA:5000,BaseV2GaugeManager.removeGaugeFactory
DA:128,4000
BRDA:128,4,0,-
BRDA:128,4,1,4000
DA:129,0
DA:131,4000
DA:132,4000
DA:133,4000
DA:135,4000
FN:143,BaseV2GaugeManager.changebHermesGaugeOwner
FNDA:3000,BaseV2GaugeManager.changebHermesGaugeOwner
DA:144,2000
DA:145,2000
DA:147,2000
FN:151,BaseV2GaugeManager.changeAdmin
FNDA:3000,BaseV2GaugeManager.changeAdmin
DA:152,2000
DA:154,2000
FN:158,BaseV2GaugeManager.changeFlywheelBooster
FNDA:0,BaseV2GaugeManager.changeFlywheelBooster
DA:159,0
FNF:10
FNH:9
LF:33
LH:29
BRF:10
BRH:7
end_of_record
TN:
SF:src/gauges/factories/BribesFactory.sol
FN:46,BribesFactory.getBribeFlywheels
FNDA:3,BribesFactory.getBribeFlywheels
DA:47,3
FN:55,BribesFactory.addGaugetoFlywheel
FNDA:7136,BribesFactory.addGaugetoFlywheel
DA:56,7136
BRDA:56,0,0,1000
BRDA:56,0,1,6136
DA:58,6136
DA:59,6136
BRDA:59,1,0,5004
BRDA:59,1,1,6136
DA:61,6136
DA:63,6136
DA:64,6136
DA:66,6136
DA:67,6136
FN:75,BribesFactory.createBribeFlywheel
FNDA:1074,BribesFactory.createBribeFlywheel
DA:76,6078
BRDA:76,2,0,1
BRDA:76,2,1,6077
DA:77,6077
BRDA:77,3,0,-
BRDA:77,3,1,6077
DA:79,6077
DA:81,6077
DA:85,6077
DA:87,6077
DA:88,6077
DA:90,6077
DA:92,6077
FNF:3
FNH:3
LF:18
LH:18
BRF:8
BRH:7
end_of_record
TN:
SF:src/gauges/factories/UniswapV3GaugeFactory.sol
FN:77,UniswapV3GaugeFactory._newGauge
FNDA:32116,UniswapV3GaugeFactory._newGauge
DA:78,32116
DA:79,32116
FN:86,UniswapV3GaugeFactory._afterCreateGauge
FNDA:32116,UniswapV3GaugeFactory._afterCreateGauge
DA:87,32116
FN:95,UniswapV3GaugeFactory.setMinimumWidth
FNDA:0,UniswapV3GaugeFactory.setMinimumWidth
DA:96,0
BRDA:96,0,0,-
BRDA:96,0,1,-
DA:97,0
DA:98,0
FNF:3
FNH:2
LF:6
LH:3
BRF:2
BRH:0
end_of_record
TN:
SF:src/hermes/BurntHermes.sol
FN:96,BurntHermes.claimOutstanding
FNDA:0,BurntHermes.claimOutstanding
DA:97,0
DA:100,0
DA:101,0
DA:102,0
FN:117,BurntHermes.totalAssets
FNDA:17,BurntHermes.totalAssets
DA:118,18
FN:130,BurntHermes._mint
FNDA:1875,BurntHermes._mint
DA:131,1875
DA:132,1875
DA:133,1875
DA:134,1875
FN:142,BurntHermes.transfer
FNDA:2,BurntHermes.transfer
DA:143,2
DA:146,2
DA:147,1
BRDA:145,0,0,1
BRDA:145,0,1,1
DA:148,1
DA:150,1
FN:159,BurntHermes.transferFrom
FNDA:0,BurntHermes.transferFrom
DA:160,0
DA:163,0
DA:164,0
BRDA:162,1,0,-
BRDA:162,1,1,-
DA:165,0
DA:167,0
FNF:5
FNH:3
LF:19
LH:10
BRF:4
BRH:2
end_of_record
TN:
SF:src/hermes/UtilityManager.sol
FN:54,UtilityManager.forfeitOutstanding
FNDA:0,UtilityManager.forfeitOutstanding
DA:55,0
DA:56,0
DA:57,0
FN:61,UtilityManager.forfeitMultiple
FNDA:5000,UtilityManager.forfeitMultiple
DA:62,5000
DA:63,2000
DA:64,2000
FN:68,UtilityManager.forfeitMultipleAmounts
FNDA:5000,UtilityManager.forfeitMultipleAmounts
DA:69,5000
DA:70,2000
DA:71,2000
FN:75,UtilityManager.forfeitWeight
FNDA:5000,UtilityManager.forfeitWeight
DA:76,15000
BRDA:76,0,0,11866
BRDA:76,0,1,6000
DA:77,11866
DA:78,2866
DA:80,2866
FN:84,UtilityManager.forfeitBoost
FNDA:5000,UtilityManager.forfeitBoost
DA:85,9000
BRDA:85,1,0,5875
BRDA:85,1,1,6000
DA:86,5875
DA:87,2875
DA:89,2875
FN:93,UtilityManager.forfeitGovernance
FNDA:5000,UtilityManager.forfeitGovernance
DA:94,9000
BRDA:94,2,0,5879
BRDA:94,2,1,6000
DA:95,5879
DA:96,2879
DA:98,2879
FN:102,UtilityManager.claimMultiple
FNDA:9000,UtilityManager.claimMultiple
DA:103,9000
DA:104,6091
DA:105,6091
FN:109,UtilityManager.claimMultipleAmounts
FNDA:7000,UtilityManager.claimMultipleAmounts
DA:110,7000
DA:111,6042
DA:112,6001
FN:116,UtilityManager.claimWeight
FNDA:7001,UtilityManager.claimWeight
DA:117,18180
BRDA:117,3,0,17111
BRDA:117,3,1,18180
DA:118,17111
DA:119,17111
DA:121,17111
FN:125,UtilityManager.claimBoost
FNDA:7002,UtilityManager.claimBoost
DA:126,18140
BRDA:126,4,0,17183
BRDA:126,4,1,18140
DA:127,17183
DA:128,17183
DA:130,17183
FN:134,UtilityManager.claimGovernance
FNDA:7000,UtilityManager.claimGovernance
DA:135,18137
BRDA:135,5,0,17179
BRDA:135,5,1,18137
DA:136,17179
DA:137,17179
DA:139,17179
FNF:11
FNH:10
LF:39
LH:36
BRF:12
BRH:12
end_of_record
TN:
SF:src/hermes/minters/BaseV2Minter.sol
FN:68,BaseV2Minter.
FNDA:1,BaseV2Minter.
DA:69,1
FN:77,BaseV2Minter.initialize
FNDA:16,BaseV2Minter.initialize
DA:78,16
BRDA:78,0,0,1
BRDA:78,0,1,15
DA:79,15
DA:80,15
DA:81,15
FN:85,BaseV2Minter.setDao
FNDA:1001,BaseV2Minter.setDao
DA:87,1001
DA:88,1001
BRDA:88,1,0,2
BRDA:88,1,1,1001
DA:90,1001
FN:94,BaseV2Minter.setDaoShare
FNDA:2000,BaseV2Minter.setDaoShare
DA:95,2000
BRDA:95,2,0,1000
BRDA:95,2,1,1000
DA:96,1000
BRDA:96,3,0,-
BRDA:96,3,1,1000
DA:97,1000
DA:99,1000
FN:103,BaseV2Minter.setTailEmission
FNDA:2000,BaseV2Minter.setTailEmission
DA:104,2000
BRDA:104,4,0,1000
BRDA:104,4,1,1000
DA:105,1000
DA:107,1000
FN:115,BaseV2Minter.circulatingSupply
FNDA:4,BaseV2Minter.circulatingSupply
DA:116,8
FN:120,BaseV2Minter.weeklyEmission
FNDA:4,BaseV2Minter.weeklyEmission
DA:121,4
FN:125,BaseV2Minter.calculateGrowth
FNDA:3,BaseV2Minter.calculateGrowth
DA:126,3
FN:129,BaseV2Minter._weeklyEmission
FNDA:10,BaseV2Minter._weeklyEmission
DA:130,10
FN:133,BaseV2Minter._calculateGrowth
FNDA:6,BaseV2Minter._calculateGrowth
DA:138,6
FN:142,BaseV2Minter.updatePeriod
FNDA:11,BaseV2Minter.updatePeriod
DA:144,12
BRDA:144,5,0,-
BRDA:144,5,1,6
DA:145,6
BRDA:145,6,0,-
BRDA:145,6,1,6
DA:147,6
DA:150,6
DA:151,6
DA:153,6
DA:154,6
DA:155,6
DA:157,6
DA:159,6
DA:161,6
DA:162,6
DA:164,6
BRDA:164,7,0,-
BRDA:164,7,1,5
DA:165,5
DA:168,6
DA:170,6
DA:172,6
BRDA:172,8,0,5
BRDA:172,8,1,6
DA:174,6
DA:179,6
FN:189,BaseV2Minter.getRewards
FNDA:8,BaseV2Minter.getRewards
DA:190,8
BRDA:190,9,0,1
BRDA:190,9,1,7
DA:191,7
DA:192,7
DA:193,7
FNF:12
FNH:12
LF:43
LH:43
BRF:20
BRH:16
end_of_record
TN:
SF:src/hermes/tokens/HERMES.sol
FN:62,HERMES.mint
FNDA:0,HERMES.mint
DA:63,0
FNF:1
FNH:0
LF:1
LH:0
BRF:0
BRH:0
end_of_record
TN:
SF:src/hermes/tokens/bHermesBoost.sol
FN:12,DeployBurntHermesBoost.deploy
FNDA:39,DeployBurntHermesBoost.deploy
DA:13,39
FN:33,bHermesBoost.mint
FNDA:19875,bHermesBoost.mint
DA:34,19875
FNF:2
FNH:2
LF:2
LH:2
BRF:0
BRH:0
end_of_record
TN:
SF:src/hermes/tokens/bHermesGauges.sol
FN:34,bHermesGauges.mint
FNDA:23898,bHermesGauges.mint
DA:35,23898
FNF:1
FNH:1
LF:1
LH:1
BRF:0
BRH:0
end_of_record
TN:
SF:src/hermes/tokens/bHermesVotes.sol
FN:25,bHermesVotes.mint
FNDA:19875,bHermesVotes.mint
DA:26,19875
FN:34,bHermesVotes.burn
FNDA:0,bHermesVotes.burn
DA:35,0
FNF:2
FNH:1
LF:2
LH:1
BRF:0
BRH:0
end_of_record
TN:
SF:src/rewards/FlywheelCoreInstant.sol
FN:40,FlywheelCoreInstant._getAccruedRewards
FNDA:4004,FlywheelCoreInstant._getAccruedRewards
DA:41,4004
FNF:1
FNH:1
LF:1
LH:1
BRF:0
BRH:0
end_of_record
TN:
SF:src/rewards/FlywheelCoreStrategy.sol
FN:39,FlywheelCore._getAccruedRewards
FNDA:28057,FlywheelCore._getAccruedRewards
DA:40,28057
FNF:1
FNH:1
LF:1
LH:1
BRF:0
BRH:0
end_of_record
TN:
SF:src/rewards/base/FlywheelCore.sol
FN:53,FlywheelCore.getAllStrategies
FNDA:0,FlywheelCore.getAllStrategies
DA:54,0
FN:65,FlywheelCore.accrue
FNDA:0,FlywheelCore.accrue
DA:66,0
FN:70,FlywheelCore.accrue
FNDA:32057,FlywheelCore.accrue
DA:71,32057
FN:74,FlywheelCore._accrue
FNDA:32057,FlywheelCore._accrue
DA:75,32057
DA:77,32057
BRDA:77,0,0,2000
BRDA:77,0,1,30057
DA:79,30057
DA:80,30057
FN:84,FlywheelCore.accrue
FNDA:2006,FlywheelCore.accrue
DA:85,2006
DA:87,2006
BRDA:87,1,0,2
BRDA:87,1,1,2004
DA:89,2004
DA:90,2004
FN:94,FlywheelCore.claimRewards
FNDA:8004,FlywheelCore.claimRewards
DA:95,8004
DA:97,8004
BRDA:97,2,0,3695
BRDA:97,2,1,8004
DA:98,3695
DA:100,3695
DA:102,3695
FN:111,FlywheelCore.addStrategyForRewards
FNDA:16140,FlywheelCore.addStrategyForRewards
DA:112,16140
FN:115,FlywheelCore._addStrategyForRewards
FNDA:16140,FlywheelCore._addStrategyForRewards
DA:116,16140
BRDA:116,3,0,-
BRDA:116,3,1,16140
DA:117,16140
DA:119,16140
DA:120,16140
DA:121,16140
FN:125,FlywheelCore.setFlywheelRewards
FNDA:10106,FlywheelCore.setFlywheelRewards
DA:126,10104
DA:127,10104
BRDA:127,4,0,1908
BRDA:127,4,1,10104
DA:128,1908
DA:131,10104
DA:133,10104
FN:137,FlywheelCore.setBooster
FNDA:4002,FlywheelCore.setBooster
DA:138,4000
DA:140,4000
FN:157,FlywheelCore.accrueStrategy
FNDA:32061,FlywheelCore.accrueStrategy
DA:159,32061
DA:161,32061
DA:162,32061
BRDA:162,5,0,-
BRDA:162,5,1,10765
DA:164,13525
DA:168,13525
DA:170,13525
BRDA:170,6,0,-
BRDA:170,6,1,10765
DA:172,10765
DA:177,13525
DA:178,13525
FN:183,FlywheelCore.accrueUser
FNDA:34065,FlywheelCore.accrueUser
DA:185,34065
DA:188,34065
DA:192,34065
BRDA:192,7,0,20036
BRDA:192,7,1,34065
DA:193,20036
DA:196,34065
DA:198,34065
DA:203,34065
DA:204,34065
DA:206,34065
DA:208,34065
DA:210,34065
FNF:12
FNH:10
LF:49
LH:47
BRF:16
BRH:13
end_of_record
TN:
SF:src/rewards/booster/FlywheelBoosterGaugeWeight.sol
FN:48,FlywheelBoosterGaugeWeight.getUserGaugeFlywheels
FNDA:24,FlywheelBoosterGaugeWeight.getUserGaugeFlywheels
DA:54,24
FN:59,FlywheelBoosterGaugeWeight.boostedTotalSupply
FNDA:9519,FlywheelBoosterGaugeWeight.boostedTotalSupply
DA:60,9519
FN:65,FlywheelBoosterGaugeWeight.boostedBalanceOf
FNDA:28053,FlywheelBoosterGaugeWeight.boostedBalanceOf
DA:66,28053
FN:76,FlywheelBoosterGaugeWeight.optIn
FNDA:12026,FlywheelBoosterGaugeWeight.optIn
DA:77,12026
BRDA:77,0,0,1
BRDA:77,0,1,12025
DA:78,12025
BRDA:78,1,0,997
BRDA:78,1,1,11028
DA:79,11028
BRDA:79,2,0,1000
BRDA:79,2,1,10028
DA:81,10028
DA:83,10028
DA:86,10028
DA:87,10028
FN:91,FlywheelBoosterGaugeWeight.optOut
FNDA:5006,FlywheelBoosterGaugeWeight.optOut
DA:92,5006
DA:94,5006
DA:96,5006
BRDA:96,3,0,2998
BRDA:96,3,1,2008
DA:98,2008
BRDA:98,4,0,-
BRDA:98,4,1,2008
DA:100,2008
DA:103,2008
DA:104,2008
BRDA:104,5,0,-
BRDA:104,5,1,1
DA:105,1
DA:107,1
DA:108,1
DA:111,2008
DA:112,2008
FN:120,FlywheelBoosterGaugeWeight.accrueBribesPositiveDelta
FNDA:25325,FlywheelBoosterGaugeWeight.accrueBribesPositiveDelta
DA:121,25324
FN:125,FlywheelBoosterGaugeWeight.accrueBribesNegativeDelta
FNDA:1022,FlywheelBoosterGaugeWeight.accrueBribesNegativeDelta
DA:126,1021
FN:136,FlywheelBoosterGaugeWeight._accrueBribes
FNDA:26345,FlywheelBoosterGaugeWeight._accrueBribes
DA:142,26345
DA:143,26345
DA:144,26345
DA:145,5010
DA:146,5010
DA:148,5010
DA:150,5010
FN:155,FlywheelBoosterGaugeWeight._add
FNDA:5010,FlywheelBoosterGaugeWeight._add
DA:156,5010
FN:159,FlywheelBoosterGaugeWeight._subtract
FNDA:0,FlywheelBoosterGaugeWeight._subtract
DA:160,0
FNF:10
FNH:9
LF:33
LH:32
BRF:12
BRH:10
end_of_record
TN:
SF:src/rewards/depots/MultiRewardsDepot.sol
FN:35,MultiRewardsDepot.getRewards
FNDA:8029,MultiRewardsDepot.getRewards
DA:36,8029
DA:37,8029
BRDA:37,0,0,1
BRDA:37,0,1,8028
DA:39,8028
FN:47,MultiRewardsDepot.addAsset
FNDA:8153,MultiRewardsDepot.addAsset
DA:48,8153
BRDA:48,1,0,1000
BRDA:48,1,1,7153
DA:49,7153
DA:50,7153
DA:52,7153
FNF:2
FNH:2
LF:7
LH:7
BRF:4
BRH:4
end_of_record
TN:
SF:src/rewards/depots/RewardsDepot.sol
FN:16,RewardsDepot.transferRewards
FNDA:12035,RewardsDepot.transferRewards
DA:17,12035
DA:18,12035
FNF:1
FNH:1
LF:2
LH:2
BRF:0
BRH:0
end_of_record
TN:
SF:src/rewards/depots/SingleRewardsDepot.sol
FN:32,SingleRewardsDepot.getRewards
FNDA:4007,SingleRewardsDepot.getRewards
DA:33,4007
DA:34,4007
BRDA:34,0,0,-
BRDA:34,0,1,4007
DA:35,4007
FNF:1
FNH:1
LF:3
LH:3
BRF:2
BRH:1
end_of_record
TN:
SF:src/rewards/rewards/FlywheelAcummulatedRewards.sol
FN:38,FlywheelAcummulatedRewards.getAccruedRewards
FNDA:28067,FlywheelAcummulatedRewards.getAccruedRewards
DA:39,28067
DA:42,28067
BRDA:42,0,0,-
BRDA:42,0,1,20051
DA:43,20051
BRDA:43,1,0,8020
BRDA:43,1,1,20051
DA:47,20051
DA:48,20051
DA:49,20051
DA:51,20051
DA:54,8016
FNF:1
FNH:1
LF:8
LH:8
BRF:4
BRH:3
end_of_record
TN:
SF:src/rewards/rewards/FlywheelBribeRewards.sol
FN:33,FlywheelBribeRewards.getNextCycleRewards
FNDA:8020,FlywheelBribeRewards.getNextCycleRewards
DA:34,8020
FN:38,FlywheelBribeRewards.setRewardsDepot
FNDA:7143,FlywheelBribeRewards.setRewardsDepot
DA:39,7143
DA:41,7143
FNF:2
FNH:2
LF:3
LH:3
BRF:0
BRH:0
end_of_record
TN:
SF:src/rewards/rewards/FlywheelGaugeRewards.sol
FN:65,FlywheelGaugeRewards.queueRewardsForCycle
FNDA:16,FlywheelGaugeRewards.queueRewardsForCycle
DA:70,16
DA:73,16
DA:74,16
DA:77,16
BRDA:77,0,0,1
BRDA:77,0,1,15
DA:79,15
DA:82,15
DA:83,15
DA:84,15
BRDA:84,1,0,-
BRDA:84,1,1,15
DA:87,15
DA:90,15
DA:92,15
DA:94,8
DA:95,8
DA:97,8
FN:101,FlywheelGaugeRewards.queueRewardsForCyclePaginated
FNDA:9,FlywheelGaugeRewards.queueRewardsForCyclePaginated
DA:106,9
DA:109,9
DA:110,9
DA:113,9
BRDA:113,2,0,-
BRDA:113,2,1,9
DA:115,9
DA:117,9
BRDA:117,3,0,7
BRDA:117,3,1,2
DA:118,7
DA:119,7
DA:120,7
DA:122,2
DA:125,9
DA:129,9
BRDA:129,4,0,-
BRDA:129,4,1,7
DA:131,7
DA:132,7
DA:133,7
BRDA:133,5,0,-
BRDA:133,5,1,7
DA:135,7
BRDA:135,6,0,-
BRDA:135,6,1,7
DA:137,7
DA:138,7
DA:140,2
DA:143,9
DA:147,9
BRDA:147,7,0,6
BRDA:147,7,1,3
DA:148,6
DA:149,6
DA:150,6
DA:151,6
DA:152,6
DA:154,3
DA:158,9
DA:160,9
FN:174,FlywheelGaugeRewards._queueRewards
FNDA:24,FlywheelGaugeRewards._queueRewards
DA:177,24
DA:179,24
BRDA:179,8,0,7
BRDA:179,8,1,17
DA:181,17
DA:182,32
DA:184,32
DA:187,32
BRDA:187,9,0,-
BRDA:187,9,1,32
DA:188,32
BRDA:188,10,0,-
BRDA:188,10,1,32
DA:190,32
DA:191,32
DA:192,32
BRDA:192,11,0,-
BRDA:192,11,1,32
DA:194,32
DA:195,32
DA:196,32
DA:198,32
DA:201,32
FN:207,FlywheelGaugeRewards.getAccruedRewards
FNDA:15,FlywheelGaugeRewards.getAccruedRewards
DA:209,15
DA:211,15
DA:213,15
DA:214,15
DA:217,15
BRDA:217,12,0,2
BRDA:217,12,1,5
DA:219,12
BRDA:219,13,0,5
BRDA:219,13,1,7
DA:220,7
BRDA:220,14,0,2
BRDA:220,14,1,5
DA:224,8
BRDA:224,15,0,-
BRDA:224,15,1,8
DA:227,8
DA:228,8
DA:230,8
BRDA:230,16,0,6
BRDA:230,16,1,8
DA:233,6
DA:234,6
DA:237,8
DA:238,8
DA:239,8
DA:241,8
BRDA:241,17,0,8
BRDA:241,17,1,8
FNF:4
FNH:4
LF:75
LH:75
BRF:36
BRH:27
end_of_record
TN:
SF:src/rewards/rewards/FlywheelInstantRewards.sol
FN:24,FlywheelInstantRewards.getAccruedRewards
FNDA:4007,FlywheelInstantRewards.getAccruedRewards
DA:25,4007
FNF:1
FNH:1
LF:1
LH:1
BRF:0
BRH:0
end_of_record
TN:
SF:src/uni-v3-staker/UniswapV3Staker.sol
FN:62,UniswapV3Staker.stakes
FNDA:0,UniswapV3Staker.stakes
DA:68,7
DA:69,7
DA:70,7
DA:71,7
BRDA:71,0,0,-
BRDA:71,0,1,7
DA:72,0
FN:77,UniswapV3Staker.userAttachements
FNDA:0,UniswapV3Staker.userAttachements
DA:78,0
FN:143,UniswapV3Staker.createIncentiveFromGauge
FNDA:0,UniswapV3Staker.createIncentiveFromGauge
DA:144,0
BRDA:144,1,0,-
BRDA:144,1,1,-
DA:146,0
DA:148,0
BRDA:148,2,0,-
BRDA:148,2,1,-
DA:150,0
DA:152,0
DA:153,0
DA:155,0
DA:157,0
DA:159,0
FN:163,UniswapV3Staker.createIncentive
FNDA:6,UniswapV3Staker.createIncentive
DA:164,6
BRDA:164,3,0,-
BRDA:164,3,1,6
DA:166,6
DA:168,6
BRDA:168,4,0,-
BRDA:168,4,1,6
DA:170,6
BRDA:170,5,0,-
BRDA:170,5,1,6
DA:171,6
BRDA:171,6,0,-
BRDA:171,6,1,6
DA:172,0
DA:175,6
BRDA:175,7,0,-
BRDA:175,7,1,6
DA:176,0
DA:179,6
DA:181,6
DA:183,6
DA:185,6
FN:193,UniswapV3Staker.endIncentive
FNDA:3,UniswapV3Staker.endIncentive
DA:194,3
BRDA:194,8,0,-
BRDA:194,8,1,3
DA:195,0
DA:198,3
DA:200,3
DA:202,3
DA:204,3
BRDA:204,9,0,1
BRDA:204,9,1,2
DA:205,2
BRDA:205,10,0,-
BRDA:205,10,1,2
DA:208,2
DA:210,2
DA:214,2
FN:224,UniswapV3Staker.onERC721Received
FNDA:6,UniswapV3Staker.onERC721Received
DA:229,6
DA:230,6
BRDA:230,11,0,-
BRDA:230,11,1,6
DA:232,6
DA:233,6
DA:235,6
DA:236,6
DA:237,6
DA:238,6
DA:239,6
DA:242,6
DA:244,6
FN:252,UniswapV3Staker.withdrawToken
FNDA:0,UniswapV3Staker.withdrawToken
DA:253,0
BRDA:253,12,0,-
BRDA:253,12,1,-
DA:255,0
DA:257,0
BRDA:257,13,0,-
BRDA:257,13,1,-
DA:258,0
BRDA:258,14,0,-
BRDA:258,14,1,-
DA:260,0
DA:261,0
DA:263,0
FN:271,UniswapV3Staker.claimReward
FNDA:0,UniswapV3Staker.claimReward
DA:272,0
DA:273,0
BRDA:273,15,0,-
BRDA:273,15,1,-
DA:274,0
BRDA:274,16,0,-
BRDA:274,16,1,-
DA:275,0
DA:276,0
DA:279,0
DA:282,0
BRDA:282,17,0,-
BRDA:282,17,1,-
DA:284,0
FN:288,UniswapV3Staker.claimAllRewards
FNDA:3,UniswapV3Staker.claimAllRewards
DA:289,3
DA:290,3
DA:292,3
BRDA:292,18,0,3
BRDA:292,18,1,3
DA:294,3
FN:298,UniswapV3Staker.getRewardInfo
FNDA:3,UniswapV3Staker.getRewardInfo
DA:304,3
DA:306,3
DA:307,3
DA:309,3
DA:311,3
DA:312,3
DA:313,3
DA:315,3
BRDA:315,19,0,-
BRDA:315,19,1,3
DA:317,3
DA:320,3
DA:321,3
BRDA:321,20,0,-
BRDA:321,20,1,3
DA:323,3
DA:324,3
DA:326,3
DA:336,3
DA:337,3
FN:351,UniswapV3Staker.restakeToken
FNDA:0,UniswapV3Staker.restakeToken
DA:352,0
DA:353,0
BRDA:353,21,0,-
BRDA:353,21,1,-
DA:355,0
DA:356,0
DA:358,0
FN:366,UniswapV3Staker.unstakeToken
FNDA:4,UniswapV3Staker.unstakeToken
DA:367,4
DA:368,4
BRDA:368,22,0,4
BRDA:368,22,1,4
FN:372,UniswapV3Staker.unstakeToken
FNDA:0,UniswapV3Staker.unstakeToken
DA:373,0
FN:376,UniswapV3Staker._unstakeToken
FNDA:4,UniswapV3Staker._unstakeToken
DA:377,4
DA:379,4
DA:380,4
DA:382,4
DA:385,4
BRDA:385,23,0,-
BRDA:385,23,1,4
BRDA:385,24,0,-
BRDA:385,24,1,4
DA:389,4
DA:391,4
BRDA:391,25,0,-
BRDA:391,25,1,-
DA:393,4
DA:403,4
DA:404,4
DA:405,4
DA:407,4
DA:408,4
DA:410,4
DA:413,4
BRDA:413,26,0,-
BRDA:413,26,1,4
DA:414,4
BRDA:414,27,0,-
BRDA:414,27,1,4
DA:416,4
DA:417,4
DA:418,4
DA:422,4
DA:423,4
DA:424,4
BRDA:424,28,0,-
BRDA:424,28,1,4
DA:426,4
DA:427,4
DA:429,4
DA:439,4
DA:440,4
DA:441,4
DA:442,4
DA:455,4
DA:457,4
DA:459,4
DA:463,4
DA:466,4
DA:467,4
DA:468,4
DA:469,4
BRDA:469,29,0,-
BRDA:469,29,1,4
DA:470,4
DA:471,4
FN:479,UniswapV3Staker.stakeToken
FNDA:1,UniswapV3Staker.stakeToken
DA:480,1
BRDA:480,30,0,1
BRDA:480,30,1,-
DA:482,0
DA:483,0
DA:485,0
FN:489,UniswapV3Staker._stakeToken
FNDA:6,UniswapV3Staker._stakeToken
DA:492,6
DA:494,6
DA:496,6
DA:498,6
BRDA:498,31,0,-
BRDA:498,31,1,6
DA:499,6
BRDA:499,32,0,-
BRDA:499,32,1,6
DA:500,6
BRDA:500,33,0,-
BRDA:500,33,1,6
DA:502,6
DA:504,6
DA:507,6
DA:508,6
BRDA:508,34,0,-
BRDA:508,34,1,6
DA:510,6
DA:512,6
DA:513,6
BRDA:513,35,0,-
BRDA:513,35,1,6
DA:514,6
DA:515,6
DA:516,6
DA:519,6
DA:520,6
DA:522,6
DA:524,6
DA:526,6
BRDA:526,36,0,6
BRDA:526,36,1,-
DA:527,6
DA:528,6
DA:530,0
DA:531,0
DA:532,0
DA:535,6
FN:543,UniswapV3Staker.updateGauges
FNDA:32116,UniswapV3Staker.updateGauges
DA:544,32116
DA:546,32116
DA:547,32116
DA:557,32116
BRDA:557,37,0,-
BRDA:557,37,1,-
BRDA:557,38,0,-
BRDA:557,38,1,-
DA:559,32116
BRDA:559,39,0,32116
BRDA:559,39,1,32116
DA:560,32116
DA:562,32116
DA:563,32116
DA:566,32116
BRDA:566,40,0,-
BRDA:566,40,1,32116
DA:567,0
DA:568,0
DA:571,0
DA:572,0
DA:574,32116
DA:575,32116
FN:580,UniswapV3Staker.updateBribeDepot
FNDA:0,UniswapV3Staker.updateBribeDepot
DA:581,32116
DA:582,32116
BRDA:582,41,0,32116
BRDA:582,41,1,32116
DA:583,32116
DA:585,32116
FN:590,UniswapV3Staker.updatePoolMinimumWidth
FNDA:0,UniswapV3Staker.updatePoolMinimumWidth
DA:591,32116
DA:592,32116
BRDA:592,42,0,6
BRDA:592,42,1,32116
DA:593,6
DA:595,6
FNF:19
FNH:10
LF:184
LH:139
BRF:86
BRH:37
end_of_record
TN:
SF:src/uni-v3-staker/libraries/IncentiveId.sol
FN:16,IncentiveId.compute
FNDA:22,IncentiveId.compute
DA:20,22
FNF:1
FNH:1
LF:1
LH:1
BRF:0
BRH:0
end_of_record
TN:
SF:src/uni-v3-staker/libraries/IncentiveTime.sol
FN:18,IncentiveTime.computeStart
FNDA:12,IncentiveTime.computeStart
DA:21,12
FN:24,IncentiveTime.computeEnd
FNDA:0,IncentiveTime.computeEnd
DA:27,0
FN:32,IncentiveTime.getEnd
FNDA:3,IncentiveTime.getEnd
DA:33,3
FN:36,IncentiveTime.getEndAndDuration
FNDA:7,IncentiveTime.getEndAndDuration
DA:41,7
BRDA:41,0,0,-
BRDA:41,0,1,7
DA:42,7
DA:45,7
DA:47,7
FNF:4
FNH:3
LF:7
LH:6
BRF:2
BRH:1
end_of_record
TN:
SF:src/uni-v3-staker/libraries/NFTPositionInfo.sol
FN:21,NFTPositionInfo.getPositionInfo
FNDA:6,NFTPositionInfo.getPositionInfo
DA:26,6
DA:28,6
DA:30,6
FNF:1
FNH:1
LF:3
LH:3
BRF:0
BRH:0
end_of_record
TN:
SF:src/uni-v3-staker/libraries/RewardMath.sol
FN:28,RewardMath.computeBoostedSecondsInsideX128
FNDA:7,RewardMath.computeBoostedSecondsInsideX128
DA:36,7
DA:39,7
DA:42,7
BRDA:42,0,0,-
BRDA:42,0,1,4
DA:45,4
DA:51,4
BRDA:51,1,0,-
BRDA:51,1,1,4
DA:52,0
DA:56,3
FN:70,RewardMath.computeBoostedRewardAmount
FNDA:7,RewardMath.computeBoostedRewardAmount
DA:79,7
BRDA:79,2,0,-
BRDA:79,2,1,7
DA:81,7
DA:83,7
FNF:2
FNH:2
LF:10
LH:9
BRF:6
BRH:3
end_of_record
