TN:
SF:src/erc-20/ERC20Boost.sol
FN:42,ERC20Boost.gauges
FNDA:1051,ERC20Boost.gauges
DA:43,1051
FN:47,ERC20Boost.gauges
FNDA:1,ERC20Boost.gauges
DA:48,1
DA:49,1
DA:51,1
DA:52,1
FN:58,ERC20Boost.isGauge
FNDA:3,ERC20Boost.isGauge
DA:59,3
FN:63,ERC20Boost.numGauges
FNDA:2,ERC20Boost.numGauges
DA:64,2
FN:68,ERC20Boost.deprecatedGauges
FNDA:9,ERC20Boost.deprecatedGauges
DA:69,9
FN:73,ERC20Boost.numDeprecatedGauges
FNDA:2,ERC20Boost.numDeprecatedGauges
DA:74,2
FN:78,ERC20Boost.freeGaugeBoost
FNDA:3,ERC20Boost.freeGaugeBoost
DA:79,30999
FN:83,ERC20Boost.userGauges
FNDA:1038,ERC20Boost.userGauges
DA:84,1038
FN:88,ERC20Boost.isUserGauge
FNDA:10,ERC20Boost.isUserGauge
DA:89,10
FN:93,ERC20Boost.userGauges
FNDA:1,ERC20Boost.userGauges
DA:99,1
DA:100,1
DA:101,1
DA:103,1
DA:104,1
FN:110,ERC20Boost.numUserGauges
FNDA:2,ERC20Boost.numUserGauges
DA:111,2
FN:119,ERC20Boost.attach
FNDA:1040,ERC20Boost.attach
DA:120,1040
BRDA:120,0,0,2
BRDA:120,0,1,1038
DA:121,2
DA:125,1038
BRDA:125,1,0,1
BRDA:125,1,1,1037
DA:127,1037
DA:129,1037
BRDA:129,2,0,1026
BRDA:129,2,1,1037
DA:130,1026
DA:131,1026
DA:134,1037
DA:135,1037
BRDA:135,3,0,1033
BRDA:135,3,1,1037
DA:136,1033
DA:137,1033
DA:138,1033
DA:141,1037
FN:145,ERC20Boost.detach
FNDA:7,ERC20Boost.detach
DA:146,7
BRDA:146,4,0,-
BRDA:146,4,1,7
DA:147,7
DA:149,7
FN:157,ERC20Boost.updateUserBoost
FNDA:3,ERC20Boost.updateUserBoost
DA:158,3
DA:160,3
DA:162,3
DA:163,3
DA:164,3
DA:166,3
BRDA:166,5,0,2
BRDA:166,5,1,3
DA:169,3
DA:172,3
DA:174,3
FN:178,ERC20Boost.decrementGaugeBoost
FNDA:3,ERC20Boost.decrementGaugeBoost
DA:179,3
DA:180,3
DA:182,3
BRDA:182,6,0,-
BRDA:182,6,1,2
DA:183,2
BRDA:183,7,0,-
BRDA:183,7,1,2
DA:184,2
DA:186,2
DA:188,1
DA:189,1
DA:191,1
FN:196,ERC20Boost.decrementGaugeAllBoost
FNDA:1,ERC20Boost.decrementGaugeAllBoost
DA:197,1
BRDA:197,8,0,-
BRDA:197,8,1,1
DA:198,1
DA:200,1
FN:204,ERC20Boost.decrementAllGaugesBoost
FNDA:1,ERC20Boost.decrementAllGaugesBoost
DA:205,1
FN:209,ERC20Boost.decrementGaugesBoostIndexed
FNDA:3,ERC20Boost.decrementGaugesBoostIndexed
DA:210,4
DA:212,4
DA:214,4
DA:215,4
DA:216,5
DA:218,5
DA:219,5
DA:221,5
BRDA:221,9,0,-
BRDA:221,9,1,1
DA:222,1
BRDA:222,10,0,-
BRDA:222,10,1,1
DA:223,1
DA:225,1
DA:227,4
DA:228,4
DA:230,4
DA:234,5
FN:240,ERC20Boost.decrementAllGaugesAllBoost
FNDA:1,ERC20Boost.decrementAllGaugesAllBoost
DA:241,1
DA:244,1
DA:247,1
DA:248,1
DA:249,2
DA:251,2
BRDA:251,11,0,-
BRDA:251,11,1,2
DA:252,2
DA:254,2
DA:257,2
DA:261,1
DA:263,1
FN:271,ERC20Boost.addGauge
FNDA:1055,ERC20Boost.addGauge
DA:272,1054
FN:275,ERC20Boost._addGauge
FNDA:1055,ERC20Boost._addGauge
DA:277,1055
BRDA:277,12,0,2
BRDA:277,12,1,1053
DA:279,1053
FN:283,ERC20Boost.removeGauge
FNDA:9,ERC20Boost.removeGauge
DA:284,8
FN:287,ERC20Boost._removeGauge
FNDA:9,ERC20Boost._removeGauge
DA:289,9
BRDA:289,13,0,-
BRDA:289,13,1,9
DA:291,9
FN:295,ERC20Boost.replaceGauge
FNDA:1,ERC20Boost.replaceGauge
DA:296,1
DA:297,1
FN:312,ERC20Boost._burn
FNDA:2,ERC20Boost._burn
DA:313,1
FN:322,ERC20Boost.transfer
FNDA:27151,ERC20Boost.transfer
DA:323,27150
FN:333,ERC20Boost.transferFrom
FNDA:3843,ERC20Boost.transferFrom
DA:339,3842
BRDA:339,14,0,-
BRDA:339,14,1,3842
DA:341,3842
FNF:27
FNH:27
LF:94
LH:94
BRF:30
BRH:21
end_of_record
TN:
SF:src/erc-20/ERC20Gauges.sol
FN:71,ERC20Gauges.getGaugeCycleEnd
FNDA:1000,ERC20Gauges.getGaugeCycleEnd
DA:72,1000
FN:75,ERC20Gauges._getGaugeCycleEnd
FNDA:35397,ERC20Gauges._getGaugeCycleEnd
DA:76,35397
DA:79,35397
FN:84,ERC20Gauges.getGaugeWeight
FNDA:37490,ERC20Gauges.getGaugeWeight
DA:85,37490
FN:89,ERC20Gauges.getStoredGaugeWeight
FNDA:12,ERC20Gauges.getStoredGaugeWeight
DA:90,12
BRDA:90,0,0,-
BRDA:90,0,1,12
DA:91,12
FN:94,ERC20Gauges._getStoredWeight
FNDA:98,ERC20Gauges._getStoredWeight
DA:95,98
FN:99,ERC20Gauges.totalWeight
FNDA:16251,ERC20Gauges.totalWeight
DA:100,16251
FN:104,ERC20Gauges.storedTotalWeight
FNDA:10,ERC20Gauges.storedTotalWeight
DA:105,10
FN:109,ERC20Gauges.gauges
FNDA:8010,ERC20Gauges.gauges
DA:110,8010
FN:114,ERC20Gauges.gauges
FNDA:9,ERC20Gauges.gauges
DA:115,9
DA:116,9
DA:118,17
DA:119,17
FN:125,ERC20Gauges.isGauge
FNDA:25165,ERC20Gauges.isGauge
DA:126,25165
FN:130,ERC20Gauges.numGauges
FNDA:10004,ERC20Gauges.numGauges
DA:131,10004
FN:135,ERC20Gauges.deprecatedGauges
FNDA:1002,ERC20Gauges.deprecatedGauges
DA:136,1002
FN:140,ERC20Gauges.numDeprecatedGauges
FNDA:1002,ERC20Gauges.numDeprecatedGauges
DA:141,1002
FN:145,ERC20Gauges.userGauges
FNDA:2,ERC20Gauges.userGauges
DA:146,2
FN:150,ERC20Gauges.isUserGauge
FNDA:7134,ERC20Gauges.isUserGauge
DA:151,7134
FN:155,ERC20Gauges.userGauges
FNDA:1,ERC20Gauges.userGauges
DA:161,1
DA:162,1
DA:163,1
DA:165,1
DA:166,1
FN:172,ERC20Gauges.numUserGauges
FNDA:2,ERC20Gauges.numUserGauges
DA:173,2
FN:177,ERC20Gauges.userUnusedVotes
FNDA:8,ERC20Gauges.userUnusedVotes
DA:178,29911
FN:182,ERC20Gauges.calculateGaugeAllocation
FNDA:38,ERC20Gauges.calculateGaugeAllocation
DA:183,38
BRDA:183,1,0,-
BRDA:183,1,1,38
DA:184,38
DA:187,38
DA:188,38
FN:196,ERC20Gauges.incrementGauge
FNDA:28307,ERC20Gauges.incrementGauge
DA:197,28307
DA:198,28307
DA:199,26306
FN:210,ERC20Gauges._incrementGaugeWeight
FNDA:28318,ERC20Gauges._incrementGaugeWeight
DA:211,28318
BRDA:211,2,0,1001
BRDA:211,2,1,27317
DA:213,27317
BRDA:213,3,0,1000
BRDA:213,3,1,26317
DA:216,26317
DA:218,26317
DA:221,26317
BRDA:221,4,0,1
BRDA:221,4,1,4322
DA:222,26307
BRDA:222,5,0,1
BRDA:222,5,1,4322
DA:223,4323
BRDA:223,6,0,1
BRDA:223,6,1,4322
DA:224,1
DA:229,26316
DA:231,26316
DA:233,26316
FN:243,ERC20Gauges._incrementUserAndGlobalWeights
FNDA:26311,ERC20Gauges._incrementUserAndGlobalWeights
DA:247,26311
DA:250,26311
BRDA:250,7,0,1001
BRDA:250,7,1,25310
DA:253,25310
DA:255,25310
FN:259,ERC20Gauges.incrementGauges
FNDA:7,ERC20Gauges.incrementGauges
DA:264,7
DA:265,7
BRDA:265,8,0,1
BRDA:265,8,1,6
DA:268,6
DA:270,6
DA:273,6
DA:274,11
DA:275,11
DA:276,11
DA:278,11
DA:280,10
DA:283,5
FN:287,ERC20Gauges.decrementGauge
FNDA:2011,ERC20Gauges.decrementGauge
DA:288,2011
DA:291,2011
DA:292,1011
BRDA:292,9,0,1011
BRDA:292,9,1,1011
DA:293,1011
DA:295,1011
FN:306,ERC20Gauges._decrementGaugeWeight
FNDA:2021,ERC20Gauges._decrementGaugeWeight
DA:307,2021
BRDA:307,10,0,-
BRDA:307,10,1,2021
DA:309,2021
DA:311,2021
DA:313,2021
DA:314,1020
BRDA:314,11,0,-
BRDA:314,11,1,1014
DA:316,1014
BRDA:316,12,0,-
BRDA:316,12,1,1014
DA:319,1020
DA:321,1020
FN:330,ERC20Gauges._decrementUserWeights
FNDA:1012,ERC20Gauges._decrementUserWeights
DA:331,1012
DA:332,1012
FN:336,ERC20Gauges.decrementGauges
FNDA:3,ERC20Gauges.decrementGauges
DA:342,3
DA:343,3
BRDA:343,13,0,1
BRDA:343,13,1,2
DA:346,2
DA:347,2
DA:349,2
DA:353,2
DA:354,4
DA:355,4
DA:356,4
DA:357,4
BRDA:357,14,0,4
BRDA:357,14,1,4
DA:359,4
DA:361,3
DA:364,1
DA:366,1
FN:378,ERC20Gauges._writeGaugeWeight
FNDA:56664,ERC20Gauges._writeGaugeWeight
DA:384,56664
DA:386,56664
DA:387,56664
DA:389,56664
DA:390,56664
DA:391,56664
FN:394,ERC20Gauges._add112
FNDA:52626,ERC20Gauges._add112
DA:395,52626
FN:398,ERC20Gauges._subtract112
FNDA:4038,ERC20Gauges._subtract112
DA:399,4038
FN:413,ERC20Gauges.addGauge
FNDA:31367,ERC20Gauges.addGauge
DA:414,31366
FN:422,ERC20Gauges._addGauge
FNDA:31367,ERC20Gauges._addGauge
DA:424,31367
BRDA:424,15,0,8
BRDA:424,15,1,31359
DA:427,31359
DA:428,31359
BRDA:428,16,0,1000
BRDA:428,16,1,31359
DA:429,1000
DA:432,31359
FN:436,ERC20Gauges.removeGauge
FNDA:3008,ERC20Gauges.removeGauge
DA:437,3007
FN:444,ERC20Gauges._removeGauge
FNDA:3008,ERC20Gauges._removeGauge
DA:446,3008
BRDA:446,17,0,1
BRDA:446,17,1,3007
DA:448,3007
DA:451,3007
DA:452,3007
BRDA:452,18,0,2002
BRDA:452,18,1,3007
DA:453,2002
DA:456,3007
FN:460,ERC20Gauges.replaceGauge
FNDA:2,ERC20Gauges.replaceGauge
DA:461,1
DA:462,1
FN:466,ERC20Gauges.setMaxGauges
FNDA:11080,ERC20Gauges.setMaxGauges
DA:467,10080
DA:468,10080
DA:470,10080
FN:474,ERC20Gauges.setContractExceedMaxGauges
FNDA:1003,ERC20Gauges.setContractExceedMaxGauges
DA:475,1002
BRDA:475,19,0,1
BRDA:475,19,1,1001
BRDA:475,20,0,1
BRDA:475,20,1,1001
DA:477,1001
DA:479,1001
FN:482,ERC20Gauges.setFlywheelBooster
FNDA:1000,ERC20Gauges.setFlywheelBooster
DA:483,1000
BRDA:483,21,0,3
BRDA:483,21,1,997
DA:484,997
DA:486,997
FN:503,ERC20Gauges._burn
FNDA:2,ERC20Gauges._burn
DA:504,2
DA:505,2
FN:514,ERC20Gauges.transfer
FNDA:26071,ERC20Gauges.transfer
DA:515,26071
DA:516,26071
FN:526,ERC20Gauges.transferFrom
FNDA:3825,ERC20Gauges.transferFrom
DA:527,3825
DA:529,3825
BRDA:529,22,0,-
BRDA:529,22,1,3825
DA:531,3825
FN:540,ERC20Gauges._decrementWeightUntilFree
FNDA:29898,ERC20Gauges._decrementWeightUntilFree
DA:541,29898
DA:544,29898
BRDA:544,23,0,29894
BRDA:544,23,1,4
DA:546,4
DA:549,4
DA:550,4
DA:553,4
DA:556,4
DA:557,4
DA:558,6
DA:559,6
DA:560,6
BRDA:560,24,0,4
BRDA:560,24,1,6
DA:562,6
BRDA:562,25,0,4
BRDA:562,25,1,6
DA:563,4
DA:565,6
DA:566,6
DA:570,6
DA:574,4
DA:575,4
FNF:42
FNH:42
LF:146
LH:146
BRF:52
BRH:46
end_of_record
TN:
SF:src/erc-20/ERC20MultiVotes.sol
FN:32,ERC20MultiVotes.checkpoints
FNDA:7,ERC20MultiVotes.checkpoints
DA:33,7
FN:37,ERC20MultiVotes.numCheckpoints
FNDA:4,ERC20MultiVotes.numCheckpoints
DA:38,4
FN:42,ERC20MultiVotes.freeVotes
FNDA:2009,ERC20MultiVotes.freeVotes
DA:43,144332
FN:47,ERC20MultiVotes.getVotes
FNDA:16383,ERC20MultiVotes.getVotes
DA:48,74612
DA:49,74612
FN:53,ERC20MultiVotes.userUnusedVotes
FNDA:29911,ERC20MultiVotes.userUnusedVotes
DA:54,31918
FN:58,ERC20MultiVotes.getPriorVotes
FNDA:6,ERC20MultiVotes.getPriorVotes
DA:59,6
BRDA:59,0,0,1
BRDA:59,0,1,5
DA:60,5
FN:64,ERC20MultiVotes._checkpointsLookup
FNDA:5,ERC20MultiVotes._checkpointsLookup
DA:66,5
DA:67,5
DA:68,15
DA:69,10
DA:70,10
BRDA:70,1,0,4
BRDA:70,1,1,6
DA:71,4
DA:73,6
DA:77,5
FN:80,ERC20MultiVotes._average
FNDA:10,ERC20MultiVotes._average
DA:82,10
FN:96,ERC20MultiVotes.setMaxDelegates
FNDA:13068,ERC20MultiVotes.setMaxDelegates
DA:97,13067
DA:98,13067
DA:100,13067
FN:104,ERC20MultiVotes.setContractExceedMaxDelegates
FNDA:4,ERC20MultiVotes.setContractExceedMaxDelegates
DA:105,3
BRDA:105,2,0,1
BRDA:105,2,1,2
DA:107,2
DA:109,2
FN:126,ERC20MultiVotes.delegatesVotesCount
FNDA:18382,ERC20MultiVotes.delegatesVotesCount
DA:127,18382
FN:131,ERC20MultiVotes.delegates
FNDA:1,ERC20MultiVotes.delegates
DA:132,1
FN:136,ERC20MultiVotes.delegateCount
FNDA:2,ERC20MultiVotes.delegateCount
DA:137,45411
FN:141,ERC20MultiVotes.incrementDelegation
FNDA:23463,ERC20MultiVotes.incrementDelegation
DA:142,23463
FN:146,ERC20MultiVotes.undelegate
FNDA:5,ERC20MultiVotes.undelegate
DA:147,5
FN:151,ERC20MultiVotes.delegate
FNDA:13036,ERC20MultiVotes.delegate
DA:152,13036
FN:161,ERC20MultiVotes._delegate
FNDA:14036,ERC20MultiVotes._delegate
DA:162,14036
DA:165,14036
BRDA:165,3,0,-
BRDA:165,3,1,14036
DA:167,14036
DA:169,14036
BRDA:169,4,0,2000
BRDA:169,4,1,14036
DA:170,2000
DA:171,2000
DA:175,14036
BRDA:175,5,0,14034
BRDA:175,5,1,14036
DA:176,14034
DA:178,14036
FN:188,ERC20MultiVotes._incrementDelegation
FNDA:37497,ERC20MultiVotes._incrementDelegation
DA:190,37497
BRDA:190,6,0,2
BRDA:190,6,1,37495
DA:193,37495
BRDA:193,7,0,1
BRDA:193,7,1,1
DA:194,31373
BRDA:194,8,0,1
BRDA:194,8,1,1
DA:195,2
BRDA:195,9,0,1
BRDA:195,9,1,1
DA:197,1
DA:202,37494
DA:203,37494
DA:205,37494
DA:206,37494
FN:216,ERC20MultiVotes._undelegate
FNDA:2005,ERC20MultiVotes._undelegate
DA:223,2005
BRDA:223,10,0,1
BRDA:223,10,1,2004
DA:225,2004
DA:227,2004
BRDA:227,11,0,-
BRDA:227,11,1,2001
DA:228,2001
BRDA:228,12,0,-
BRDA:228,12,1,2001
DA:231,2004
DA:232,2004
DA:234,2004
DA:235,2004
FN:244,ERC20MultiVotes._writeCheckpoint
FNDA:39505,ERC20MultiVotes._writeCheckpoint
DA:247,39505
DA:249,39505
DA:250,39505
DA:251,39505
DA:253,39505
BRDA:253,13,0,-
BRDA:253,13,1,8134
DA:254,8134
DA:256,31371
DA:258,39505
FN:261,ERC20MultiVotes._add
FNDA:37494,ERC20MultiVotes._add
DA:262,37494
FN:265,ERC20MultiVotes._subtract
FNDA:2011,ERC20MultiVotes._subtract
DA:266,2011
FN:283,ERC20MultiVotes._burn
FNDA:1003,ERC20MultiVotes._burn
DA:284,1003
DA:285,1003
FN:294,ERC20MultiVotes.transfer
FNDA:52217,ERC20MultiVotes.transfer
DA:295,52217
DA:296,52217
FN:306,ERC20MultiVotes.transferFrom
FNDA:7675,ERC20MultiVotes.transferFrom
DA:307,7675
DA:309,7675
BRDA:309,14,0,-
BRDA:309,14,1,7675
DA:311,7675
FN:320,ERC20MultiVotes._decrementVotesUntilFree
FNDA:60895,ERC20MultiVotes._decrementVotesUntilFree
DA:321,60895
DA:324,60895
BRDA:324,15,0,60889
BRDA:324,15,1,6
DA:327,6
DA:329,6
DA:332,6
DA:335,6
DA:336,6
DA:337,7
DA:338,7
DA:340,7
DA:342,7
BRDA:342,16,0,-
BRDA:342,16,1,5
DA:343,7
DA:345,7
BRDA:345,17,0,-
BRDA:345,17,1,5
DA:347,5
BRDA:347,18,0,-
BRDA:347,18,1,5
DA:348,5
DA:351,2
DA:354,7
DA:355,7
DA:359,6
BRDA:359,19,0,-
BRDA:359,19,1,6
DA:361,6
FN:371,ERC20MultiVotes.delegateBySig
FNDA:1000,ERC20MultiVotes.delegateBySig
DA:372,1000
BRDA:372,20,0,-
BRDA:372,20,1,1000
DA:373,1000
DA:383,1000
BRDA:383,21,0,-
BRDA:383,21,1,1000
DA:384,1000
BRDA:384,22,0,-
BRDA:384,22,1,1000
DA:385,1000
FNF:27
FNH:27
LF:97
LH:97
BRF:46
BRH:34
end_of_record
TN:
SF:src/erc-4626/ERC4626.sol
FN:32,ERC4626.deposit
FNDA:17879,ERC4626.deposit
DA:34,17879
BRDA:34,0,0,-
BRDA:34,0,1,17879
DA:37,17879
DA:39,17878
DA:41,17878
DA:43,17878
FN:47,ERC4626.mint
FNDA:4011,ERC4626.mint
DA:48,4011
DA:51,4011
DA:53,4011
DA:55,4011
DA:57,4011
FN:61,ERC4626.withdraw
FNDA:3004,ERC4626.withdraw
DA:62,3004
DA:64,3004
BRDA:64,1,0,2000
BRDA:64,1,1,1000
DA:65,2000
DA:67,2000
BRDA:67,2,0,2000
BRDA:67,2,1,1000
DA:70,2004
DA:72,2004
DA:74,2004
DA:76,2004
FN:80,ERC4626.redeem
FNDA:3003,ERC4626.redeem
DA:81,3003
BRDA:81,3,0,2000
BRDA:81,3,1,1000
DA:82,2000
DA:84,2000
BRDA:84,4,0,2000
BRDA:84,4,1,1000
DA:88,2003
BRDA:88,5,0,-
BRDA:88,5,1,2003
DA:90,2003
DA:92,2003
DA:94,2003
DA:96,2003
FN:106,ERC4626.convertToShares
FNDA:5,ERC4626.convertToShares
DA:107,39746
DA:109,39746
FN:113,ERC4626.convertToAssets
FNDA:14031,ERC4626.convertToAssets
DA:114,23034
DA:116,23034
FN:120,ERC4626.previewDeposit
FNDA:21862,ERC4626.previewDeposit
DA:121,39741
FN:125,ERC4626.previewMint
FNDA:0,ERC4626.previewMint
DA:126,4011
DA:128,4011
FN:132,ERC4626.previewWithdraw
FNDA:6001,ERC4626.previewWithdraw
DA:133,9005
DA:135,9005
FN:139,ERC4626.previewRedeem
FNDA:0,ERC4626.previewRedeem
DA:140,2003
FN:148,ERC4626.maxDeposit
FNDA:2000,ERC4626.maxDeposit
DA:149,2000
FN:153,ERC4626.maxMint
FNDA:2000,ERC4626.maxMint
DA:154,2000
FN:158,ERC4626.maxWithdraw
FNDA:7000,ERC4626.maxWithdraw
DA:159,7000
FN:163,ERC4626.maxRedeem
FNDA:7000,ERC4626.maxRedeem
DA:164,7000
FN:171,ERC4626.beforeWithdraw
FNDA:0,ERC4626.beforeWithdraw
FN:173,ERC4626.afterDeposit
FNDA:13875,ERC4626.afterDeposit
FNF:16
FNH:13
LF:40
LH:40
BRF:12
BRH:10
end_of_record
TN:
SF:src/erc-4626/ERC4626DepositOnly.sol
FN:20,ERC4626DepositOnly.withdraw
FNDA:1,ERC4626DepositOnly.withdraw
DA:21,1
FN:25,ERC4626DepositOnly.redeem
FNDA:1,ERC4626DepositOnly.redeem
DA:26,1
FN:34,ERC4626DepositOnly.previewWithdraw
FNDA:1,ERC4626DepositOnly.previewWithdraw
DA:35,1
FN:39,ERC4626DepositOnly.previewRedeem
FNDA:1,ERC4626DepositOnly.previewRedeem
DA:40,1
FN:48,ERC4626DepositOnly.maxWithdraw
FNDA:2000,ERC4626DepositOnly.maxWithdraw
DA:49,0
FN:53,ERC4626DepositOnly.maxRedeem
FNDA:2000,ERC4626DepositOnly.maxRedeem
DA:54,0
FN:61,ERC4626DepositOnly.beforeWithdraw
FNDA:0,ERC4626DepositOnly.beforeWithdraw
FNF:7
FNH:6
LF:6
LH:4
BRF:0
BRH:0
end_of_record
TN:
SF:src/gauges/BaseV2Gauge.sol
FN:63,BaseV2Gauge.newEpoch
FNDA:66004,BaseV2Gauge.newEpoch
DA:64,66004
DA:66,66004
DA:68,66004
BRDA:68,0,0,9002
BRDA:68,0,1,66004
DA:69,9002
DA:70,9002
FN:78,BaseV2Gauge.attachUser
FNDA:6,BaseV2Gauge.attachUser
DA:79,6
FN:83,BaseV2Gauge.detachUser
FNDA:4,BaseV2Gauge.detachUser
DA:84,4
FNF:3
FNH:3
LF:7
LH:7
BRF:2
BRH:2
end_of_record
TN:
SF:src/gauges/UniswapV3Gauge.sol
FN:55,UniswapV3Gauge._distribute
FNDA:4001,UniswapV3Gauge._distribute
DA:56,4001
FN:64,UniswapV3Gauge.setMinimumWidth
FNDA:1000,UniswapV3Gauge.setMinimumWidth
DA:65,1000
DA:67,1000
FNF:2
FNH:2
LF:3
LH:3
BRF:0
BRH:0
end_of_record
TN:
SF:src/gauges/factories/BaseV2GaugeFactory.sol
FN:64,BaseV2GaugeFactory.getGauges
FNDA:83000,BaseV2GaugeFactory.getGauges
DA:65,83000
FN:73,BaseV2GaugeFactory.newEpoch
FNDA:4000,BaseV2GaugeFactory.newEpoch
DA:74,4000
DA:76,4000
DA:77,4000
DA:78,6000
BRDA:78,0,0,-
BRDA:78,0,1,4000
DA:81,6000
FN:87,BaseV2GaugeFactory.newEpoch
FNDA:70000,BaseV2GaugeFactory.newEpoch
DA:88,70000
DA:90,70000
DA:91,70000
BRDA:91,1,0,28000
BRDA:91,1,1,70000
DA:93,70000
DA:94,128000
BRDA:94,2,0,-
BRDA:94,2,1,73000
DA:97,128000
FN:109,BaseV2GaugeFactory.createGauge
FNDA:74006,BaseV2GaugeFactory.createGauge
DA:110,72006
BRDA:110,3,0,2000
BRDA:110,3,1,70006
DA:112,70006
DA:113,70006
DA:115,70006
DA:116,70006
DA:117,70006
DA:118,70006
DA:120,70006
DA:122,70006
FN:130,BaseV2GaugeFactory.removeGauge
FNDA:17000,BaseV2GaugeFactory.removeGauge
DA:131,15000
BRDA:131,4,0,5000
BRDA:131,4,1,10000
DA:132,10000
DA:133,10000
DA:134,10000
DA:135,10000
DA:136,10000
FNF:5
FNH:5
LF:27
LH:27
BRF:10
BRH:8
end_of_record
TN:
SF:src/gauges/factories/BaseV2GaugeManager.sol
FN:57,BaseV2GaugeManager.getGaugeFactories
FNDA:43000,BaseV2GaugeManager.getGaugeFactories
DA:58,43000
FN:66,BaseV2GaugeManager.newEpoch
FNDA:2000,BaseV2GaugeManager.newEpoch
DA:67,2000
DA:69,2000
DA:70,2000
DA:71,3000
BRDA:71,0,0,-
BRDA:71,0,1,1000
DA:74,3000
FN:80,BaseV2GaugeManager.newEpoch
FNDA:35000,BaseV2GaugeManager.newEpoch
DA:81,35000
DA:83,35000
DA:84,35000
BRDA:84,1,0,14000
BRDA:84,1,1,35000
DA:86,35000
DA:87,64000
BRDA:87,2,0,-
BRDA:87,2,1,9000
DA:90,64000
FN:100,BaseV2GaugeManager.addGauge
FNDA:3000,BaseV2GaugeManager.addGauge
DA:101,1000
DA:102,1000
FN:106,BaseV2GaugeManager.removeGauge
FNDA:3000,BaseV2GaugeManager.removeGauge
DA:107,1000
DA:108,1000
FN:116,BaseV2GaugeManager.addGaugeFactory
FNDA:40000,BaseV2GaugeManager.addGaugeFactory
DA:117,39000
BRDA:117,3,0,1000
BRDA:117,3,1,38000
DA:119,38000
DA:120,38000
DA:121,38000
DA:123,38000
FN:127,BaseV2GaugeManager.removeGaugeFactory
FNDA:7000,BaseV2GaugeManager.removeGaugeFactory
DA:128,6000
BRDA:128,4,0,2000
BRDA:128,4,1,4000
DA:129,2000
DA:131,4000
DA:132,4000
DA:133,4000
DA:135,4000
FN:143,BaseV2GaugeManager.changebHermesGaugeOwner
FNDA:3000,BaseV2GaugeManager.changebHermesGaugeOwner
DA:144,2000
DA:145,2000
DA:147,2000
FN:151,BaseV2GaugeManager.changeAdmin
FNDA:3000,BaseV2GaugeManager.changeAdmin
DA:152,2000
DA:154,2000
FN:158,BaseV2GaugeManager.changeFlywheelBooster
FNDA:2000,BaseV2GaugeManager.changeFlywheelBooster
DA:159,1000
FNF:10
FNH:10
LF:33
LH:33
BRF:10
BRH:8
end_of_record
TN:
SF:src/gauges/factories/BribesFactory.sol
FN:46,BribesFactory.getBribeFlywheels
FNDA:3,BribesFactory.getBribeFlywheels
DA:47,3
FN:55,BribesFactory.addGaugetoFlywheel
FNDA:7142,BribesFactory.addGaugetoFlywheel
DA:56,7142
BRDA:56,0,0,1000
BRDA:56,0,1,6142
DA:58,6142
DA:59,6142
BRDA:59,1,0,5004
BRDA:59,1,1,6142
DA:61,6142
DA:63,6142
DA:64,6142
DA:66,6142
DA:67,6142
FN:75,BribesFactory.createBribeFlywheel
FNDA:1077,BribesFactory.createBribeFlywheel
DA:76,6081
BRDA:76,2,0,1
BRDA:76,2,1,6080
DA:77,6080
BRDA:77,3,0,-
BRDA:77,3,1,6080
DA:79,6080
DA:81,6080
DA:85,6080
DA:87,6080
DA:88,6080
DA:90,6080
DA:92,6080
FNF:3
FNH:3
LF:18
LH:18
BRF:8
BRH:7
end_of_record
TN:
SF:src/gauges/factories/UniswapV3GaugeFactory.sol
FN:77,UniswapV3GaugeFactory._newGauge
FNDA:37006,UniswapV3GaugeFactory._newGauge
DA:78,37006
DA:79,37006
FN:86,UniswapV3GaugeFactory._afterCreateGauge
FNDA:37006,UniswapV3GaugeFactory._afterCreateGauge
DA:87,37006
FN:95,UniswapV3GaugeFactory.setMinimumWidth
FNDA:3000,UniswapV3GaugeFactory.setMinimumWidth
DA:96,2000
BRDA:96,0,0,1000
BRDA:96,0,1,1000
DA:97,1000
DA:98,1000
FNF:3
FNH:3
LF:6
LH:6
BRF:2
BRH:2
end_of_record
TN:
SF:src/hermes/BurntHermes.sol
FN:96,BurntHermes.claimOutstanding
FNDA:6000,BurntHermes.claimOutstanding
DA:97,6000
DA:100,6000
DA:101,6000
DA:102,6000
FN:117,BurntHermes.totalAssets
FNDA:17,BurntHermes.totalAssets
DA:118,18
FN:130,BurntHermes._mint
FNDA:13875,BurntHermes._mint
DA:131,13875
DA:132,13875
DA:133,13875
DA:134,13875
FN:142,BurntHermes.transfer
FNDA:5002,BurntHermes.transfer
DA:143,5002
DA:146,5002
DA:147,2001
BRDA:145,0,0,4001
BRDA:145,0,1,1001
DA:148,4001
DA:150,1001
FN:159,BurntHermes.transferFrom
FNDA:5000,BurntHermes.transferFrom
DA:160,5000
DA:163,5000
DA:164,2000
BRDA:162,1,0,4000
BRDA:162,1,1,1000
DA:165,4000
DA:167,1000
FNF:5
FNH:5
LF:19
LH:19
BRF:4
BRH:4
end_of_record
TN:
SF:src/hermes/UtilityManager.sol
FN:54,UtilityManager.forfeitOutstanding
FNDA:1000,UtilityManager.forfeitOutstanding
DA:55,1000
DA:56,1000
DA:57,1000
FN:61,UtilityManager.forfeitMultiple
FNDA:5000,UtilityManager.forfeitMultiple
DA:62,5000
DA:63,2000
DA:64,2000
FN:68,UtilityManager.forfeitMultipleAmounts
FNDA:5000,UtilityManager.forfeitMultipleAmounts
DA:69,5000
DA:70,2000
DA:71,2000
FN:75,UtilityManager.forfeitWeight
FNDA:5000,UtilityManager.forfeitWeight
DA:76,16000
BRDA:76,0,0,12824
BRDA:76,0,1,7000
DA:77,12824
DA:78,3824
DA:80,3824
FN:84,UtilityManager.forfeitBoost
FNDA:5000,UtilityManager.forfeitBoost
DA:85,10000
BRDA:85,1,0,6841
BRDA:85,1,1,7000
DA:86,6841
DA:87,3841
DA:89,3841
FN:93,UtilityManager.forfeitGovernance
FNDA:5000,UtilityManager.forfeitGovernance
DA:94,10000
BRDA:94,2,0,6849
BRDA:94,2,1,7000
DA:95,6849
DA:96,3849
DA:98,3849
FN:102,UtilityManager.claimMultiple
FNDA:9000,UtilityManager.claimMultiple
DA:103,9000
DA:104,6091
DA:105,6091
FN:109,UtilityManager.claimMultipleAmounts
FNDA:8000,UtilityManager.claimMultipleAmounts
DA:110,8000
DA:111,7042
DA:112,7001
FN:116,UtilityManager.claimWeight
FNDA:9001,UtilityManager.claimWeight
DA:117,27180
BRDA:117,3,0,26069
BRDA:117,3,1,27180
DA:118,26069
DA:119,26069
DA:121,26069
FN:125,UtilityManager.claimBoost
FNDA:9002,UtilityManager.claimBoost
DA:126,27140
BRDA:126,4,0,26149
BRDA:126,4,1,27140
DA:127,26149
DA:128,26149
DA:130,26149
FN:134,UtilityManager.claimGovernance
FNDA:9000,UtilityManager.claimGovernance
DA:135,27137
BRDA:135,5,0,26145
BRDA:135,5,1,27137
DA:136,26145
DA:137,26145
DA:139,26145
FNF:11
FNH:11
LF:39
LH:39
BRF:12
BRH:12
end_of_record
TN:
SF:src/hermes/minters/BaseV2Minter.sol
FN:68,BaseV2Minter.
FNDA:1,BaseV2Minter.
DA:69,1
FN:77,BaseV2Minter.initialize
FNDA:16,BaseV2Minter.initialize
DA:78,16
BRDA:78,0,0,1
BRDA:78,0,1,15
DA:79,15
DA:80,15
DA:81,15
FN:85,BaseV2Minter.setDao
FNDA:1001,BaseV2Minter.setDao
DA:87,1001
DA:88,1001
BRDA:88,1,0,2
BRDA:88,1,1,1001
DA:90,1001
FN:94,BaseV2Minter.setDaoShare
FNDA:2000,BaseV2Minter.setDaoShare
DA:95,2000
BRDA:95,2,0,1000
BRDA:95,2,1,1000
DA:96,1000
BRDA:96,3,0,-
BRDA:96,3,1,1000
DA:97,1000
DA:99,1000
FN:103,BaseV2Minter.setTailEmission
FNDA:2000,BaseV2Minter.setTailEmission
DA:104,2000
BRDA:104,4,0,1000
BRDA:104,4,1,1000
DA:105,1000
DA:107,1000
FN:115,BaseV2Minter.circulatingSupply
FNDA:4,BaseV2Minter.circulatingSupply
DA:116,8
FN:120,BaseV2Minter.weeklyEmission
FNDA:4,BaseV2Minter.weeklyEmission
DA:121,4
FN:125,BaseV2Minter.calculateGrowth
FNDA:3,BaseV2Minter.calculateGrowth
DA:126,3
FN:129,BaseV2Minter._weeklyEmission
FNDA:10,BaseV2Minter._weeklyEmission
DA:130,10
FN:133,BaseV2Minter._calculateGrowth
FNDA:6,BaseV2Minter._calculateGrowth
DA:138,6
FN:142,BaseV2Minter.updatePeriod
FNDA:11,BaseV2Minter.updatePeriod
DA:144,12
BRDA:144,5,0,-
BRDA:144,5,1,6
DA:145,6
BRDA:145,6,0,-
BRDA:145,6,1,6
DA:147,6
DA:150,6
DA:151,6
DA:153,6
DA:154,6
DA:155,6
DA:157,6
DA:159,6
DA:161,6
DA:162,6
DA:164,6
BRDA:164,7,0,-
BRDA:164,7,1,5
DA:165,5
DA:168,6
DA:170,6
DA:172,6
BRDA:172,8,0,5
BRDA:172,8,1,6
DA:174,6
DA:179,6
FN:189,BaseV2Minter.getRewards
FNDA:8,BaseV2Minter.getRewards
DA:190,8
BRDA:190,9,0,1
BRDA:190,9,1,7
DA:191,7
DA:192,7
DA:193,7
FNF:12
FNH:12
LF:43
LH:43
BRF:20
BRH:16
end_of_record
TN:
SF:src/hermes/tokens/HERMES.sol
FN:62,HERMES.mint
FNDA:15,HERMES.mint
DA:63,15
FNF:1
FNH:1
LF:1
LH:1
BRF:0
BRH:0
end_of_record
TN:
SF:src/hermes/tokens/bHermesBoost.sol
FN:33,bHermesBoost.mint
FNDA:32875,bHermesBoost.mint
DA:34,32875
FN:12,DeployBurntHermesBoost.deploy
FNDA:51,DeployBurntHermesBoost.deploy
DA:13,51
FNF:2
FNH:2
LF:2
LH:2
BRF:0
BRH:0
end_of_record
TN:
SF:src/hermes/tokens/bHermesGauges.sol
FN:34,bHermesGauges.mint
FNDA:37898,bHermesGauges.mint
DA:35,37898
FNF:1
FNH:1
LF:1
LH:1
BRF:0
BRH:0
end_of_record
TN:
SF:src/hermes/tokens/bHermesVotes.sol
FN:25,bHermesVotes.mint
FNDA:32875,bHermesVotes.mint
DA:26,32875
FN:34,bHermesVotes.burn
FNDA:1000,bHermesVotes.burn
DA:35,1000
FNF:2
FNH:2
LF:2
LH:2
BRF:0
BRH:0
end_of_record
TN:
SF:src/rewards/FlywheelCoreInstant.sol
FN:40,FlywheelCoreInstant._getAccruedRewards
FNDA:4004,FlywheelCoreInstant._getAccruedRewards
DA:41,4004
FNF:1
FNH:1
LF:1
LH:1
BRF:0
BRH:0
end_of_record
TN:
SF:src/rewards/FlywheelCoreStrategy.sol
FN:39,FlywheelCore._getAccruedRewards
FNDA:31048,FlywheelCore._getAccruedRewards
DA:40,31048
FNF:1
FNH:1
LF:1
LH:1
BRF:0
BRH:0
end_of_record
TN:
SF:src/rewards/base/FlywheelCore.sol
FN:53,FlywheelCore.getAllStrategies
FNDA:1000,FlywheelCore.getAllStrategies
DA:54,1000
FN:65,FlywheelCore.accrue
FNDA:1000,FlywheelCore.accrue
DA:66,1000
FN:70,FlywheelCore.accrue
FNDA:34048,FlywheelCore.accrue
DA:71,34048
FN:74,FlywheelCore._accrue
FNDA:35048,FlywheelCore._accrue
DA:75,35048
DA:77,35048
BRDA:77,0,0,2000
BRDA:77,0,1,33048
DA:79,33048
DA:80,33048
FN:84,FlywheelCore.accrue
FNDA:2006,FlywheelCore.accrue
DA:85,2006
DA:87,2006
BRDA:87,1,0,2
BRDA:87,1,1,2004
DA:89,2004
DA:90,2004
FN:94,FlywheelCore.claimRewards
FNDA:8004,FlywheelCore.claimRewards
DA:95,8004
DA:97,8004
BRDA:97,2,0,3695
BRDA:97,2,1,8004
DA:98,3695
DA:100,3695
DA:102,3695
FN:111,FlywheelCore.addStrategyForRewards
FNDA:17146,FlywheelCore.addStrategyForRewards
DA:112,17146
FN:115,FlywheelCore._addStrategyForRewards
FNDA:17146,FlywheelCore._addStrategyForRewards
DA:116,17146
BRDA:116,3,0,-
BRDA:116,3,1,17146
DA:117,17146
DA:119,17146
DA:120,17146
DA:121,17146
FN:125,FlywheelCore.setFlywheelRewards
FNDA:10110,FlywheelCore.setFlywheelRewards
DA:126,10108
DA:127,10108
BRDA:127,4,0,1908
BRDA:127,4,1,10108
DA:128,1908
DA:131,10108
DA:133,10108
FN:137,FlywheelCore.setBooster
FNDA:4002,FlywheelCore.setBooster
DA:138,4000
DA:140,4000
FN:157,FlywheelCore.accrueStrategy
FNDA:35052,FlywheelCore.accrueStrategy
DA:159,35052
DA:161,35052
DA:162,35052
BRDA:162,5,0,-
BRDA:162,5,1,11765
DA:164,14525
DA:168,14525
DA:170,14525
BRDA:170,6,0,-
BRDA:170,6,1,11765
DA:172,11765
DA:177,14525
DA:178,14525
FN:183,FlywheelCore.accrueUser
FNDA:37056,FlywheelCore.accrueUser
DA:185,37056
DA:188,37056
DA:192,37056
BRDA:192,7,0,22033
BRDA:192,7,1,37056
DA:193,22033
DA:196,37056
DA:198,37056
DA:203,37056
DA:204,37056
DA:206,37056
DA:208,37056
DA:210,37056
FNF:12
FNH:12
LF:49
LH:49
BRF:16
BRH:13
end_of_record
TN:
SF:src/rewards/booster/FlywheelBoosterGaugeWeight.sol
FN:48,FlywheelBoosterGaugeWeight.getUserGaugeFlywheels
FNDA:24,FlywheelBoosterGaugeWeight.getUserGaugeFlywheels
DA:54,24
FN:59,FlywheelBoosterGaugeWeight.boostedTotalSupply
FNDA:12519,FlywheelBoosterGaugeWeight.boostedTotalSupply
DA:60,12519
FN:65,FlywheelBoosterGaugeWeight.boostedBalanceOf
FNDA:33044,FlywheelBoosterGaugeWeight.boostedBalanceOf
DA:66,33044
FN:76,FlywheelBoosterGaugeWeight.optIn
FNDA:13024,FlywheelBoosterGaugeWeight.optIn
DA:77,13024
BRDA:77,0,0,1
BRDA:77,0,1,13023
DA:78,13023
BRDA:78,1,0,999
BRDA:78,1,1,12024
DA:79,12024
BRDA:79,2,0,999
BRDA:79,2,1,11025
DA:81,11025
DA:83,11025
DA:86,11025
DA:87,11025
FN:91,FlywheelBoosterGaugeWeight.optOut
FNDA:5006,FlywheelBoosterGaugeWeight.optOut
DA:92,5006
DA:94,5006
DA:96,5006
BRDA:96,3,0,3000
BRDA:96,3,1,2006
DA:98,2006
BRDA:98,4,0,-
BRDA:98,4,1,2006
DA:100,2006
DA:103,2006
DA:104,2006
BRDA:104,5,0,-
BRDA:104,5,1,1
DA:105,1
DA:107,1
DA:108,1
DA:111,2006
DA:112,2006
FN:120,FlywheelBoosterGaugeWeight.accrueBribesPositiveDelta
FNDA:26318,FlywheelBoosterGaugeWeight.accrueBribesPositiveDelta
DA:121,26317
FN:125,FlywheelBoosterGaugeWeight.accrueBribesNegativeDelta
FNDA:2022,FlywheelBoosterGaugeWeight.accrueBribesNegativeDelta
DA:126,2021
FN:136,FlywheelBoosterGaugeWeight._accrueBribes
FNDA:28338,FlywheelBoosterGaugeWeight._accrueBribes
DA:142,28338
DA:143,28338
DA:144,28338
DA:145,6006
DA:146,6006
DA:148,6006
DA:150,6006
FN:155,FlywheelBoosterGaugeWeight._add
FNDA:5006,FlywheelBoosterGaugeWeight._add
DA:156,5006
FN:159,FlywheelBoosterGaugeWeight._subtract
FNDA:1000,FlywheelBoosterGaugeWeight._subtract
DA:160,1000
FNF:10
FNH:10
LF:33
LH:33
BRF:12
BRH:10
end_of_record
TN:
SF:src/rewards/depots/MultiRewardsDepot.sol
FN:35,MultiRewardsDepot.getRewards
FNDA:8027,MultiRewardsDepot.getRewards
DA:36,8027
DA:37,8027
BRDA:37,0,0,1
BRDA:37,0,1,8026
DA:39,8026
FN:47,MultiRewardsDepot.addAsset
FNDA:8159,MultiRewardsDepot.addAsset
DA:48,8159
BRDA:48,1,0,1000
BRDA:48,1,1,7159
DA:49,7159
DA:50,7159
DA:52,7159
FNF:2
FNH:2
LF:7
LH:7
BRF:4
BRH:4
end_of_record
TN:
SF:src/rewards/depots/RewardsDepot.sol
FN:16,RewardsDepot.transferRewards
FNDA:12033,RewardsDepot.transferRewards
DA:17,12033
DA:18,12033
FNF:1
FNH:1
LF:2
LH:2
BRF:0
BRH:0
end_of_record
TN:
SF:src/rewards/depots/SingleRewardsDepot.sol
FN:32,SingleRewardsDepot.getRewards
FNDA:4007,SingleRewardsDepot.getRewards
DA:33,4007
DA:34,4007
BRDA:34,0,0,-
BRDA:34,0,1,4007
DA:35,4007
FNF:1
FNH:1
LF:3
LH:3
BRF:2
BRH:1
end_of_record
TN:
SF:src/rewards/rewards/FlywheelAcummulatedRewards.sol
FN:38,FlywheelAcummulatedRewards.getAccruedRewards
FNDA:30058,FlywheelAcummulatedRewards.getAccruedRewards
DA:39,30058
DA:42,30058
BRDA:42,0,0,-
BRDA:42,0,1,21046
DA:43,21046
BRDA:43,1,0,8018
BRDA:43,1,1,21046
DA:47,21046
DA:48,21046
DA:49,21046
DA:51,21046
DA:54,9012
FNF:1
FNH:1
LF:8
LH:8
BRF:4
BRH:3
end_of_record
TN:
SF:src/rewards/rewards/FlywheelBribeRewards.sol
FN:33,FlywheelBribeRewards.getNextCycleRewards
FNDA:8018,FlywheelBribeRewards.getNextCycleRewards
DA:34,8018
FN:38,FlywheelBribeRewards.setRewardsDepot
FNDA:7149,FlywheelBribeRewards.setRewardsDepot
DA:39,7149
DA:41,7149
FNF:2
FNH:2
LF:3
LH:3
BRF:0
BRH:0
end_of_record
TN:
SF:src/rewards/rewards/FlywheelGaugeRewards.sol
FN:65,FlywheelGaugeRewards.queueRewardsForCycle
FNDA:16,FlywheelGaugeRewards.queueRewardsForCycle
DA:70,16
DA:73,16
DA:74,16
DA:77,16
BRDA:77,0,0,1
BRDA:77,0,1,15
DA:79,15
DA:82,15
DA:83,15
DA:84,15
BRDA:84,1,0,-
BRDA:84,1,1,15
DA:87,15
DA:90,15
DA:92,15
DA:94,8
DA:95,8
DA:97,8
FN:101,FlywheelGaugeRewards.queueRewardsForCyclePaginated
FNDA:9,FlywheelGaugeRewards.queueRewardsForCyclePaginated
DA:106,9
DA:109,9
DA:110,9
DA:113,9
BRDA:113,2,0,-
BRDA:113,2,1,9
DA:115,9
DA:117,9
BRDA:117,3,0,7
BRDA:117,3,1,2
DA:118,7
DA:119,7
DA:120,7
DA:122,2
DA:125,9
DA:129,9
BRDA:129,4,0,-
BRDA:129,4,1,7
DA:131,7
DA:132,7
DA:133,7
BRDA:133,5,0,-
BRDA:133,5,1,7
DA:135,7
BRDA:135,6,0,-
BRDA:135,6,1,7
DA:137,7
DA:138,7
DA:140,2
DA:143,9
DA:147,9
BRDA:147,7,0,6
BRDA:147,7,1,3
DA:148,6
DA:149,6
DA:150,6
DA:151,6
DA:152,6
DA:154,3
DA:158,9
DA:160,9
FN:174,FlywheelGaugeRewards._queueRewards
FNDA:24,FlywheelGaugeRewards._queueRewards
DA:177,24
DA:179,24
BRDA:179,8,0,7
BRDA:179,8,1,17
DA:181,17
DA:182,32
DA:184,32
DA:187,32
BRDA:187,9,0,-
BRDA:187,9,1,32
DA:188,32
BRDA:188,10,0,-
BRDA:188,10,1,32
DA:190,32
DA:191,32
DA:192,32
BRDA:192,11,0,-
BRDA:192,11,1,32
DA:194,32
DA:195,32
DA:196,32
DA:198,32
DA:201,32
FN:207,FlywheelGaugeRewards.getAccruedRewards
FNDA:15,FlywheelGaugeRewards.getAccruedRewards
DA:209,15
DA:211,15
DA:213,15
DA:214,15
DA:217,15
BRDA:217,12,0,2
BRDA:217,12,1,5
DA:219,12
BRDA:219,13,0,5
BRDA:219,13,1,7
DA:220,7
BRDA:220,14,0,2
BRDA:220,14,1,5
DA:224,8
BRDA:224,15,0,-
BRDA:224,15,1,8
DA:227,8
DA:228,8
DA:230,8
BRDA:230,16,0,6
BRDA:230,16,1,8
DA:233,6
DA:234,6
DA:237,8
DA:238,8
DA:239,8
DA:241,8
BRDA:241,17,0,8
BRDA:241,17,1,8
FNF:4
FNH:4
LF:75
LH:75
BRF:36
BRH:27
end_of_record
TN:
SF:src/rewards/rewards/FlywheelInstantRewards.sol
FN:24,FlywheelInstantRewards.getAccruedRewards
FNDA:4007,FlywheelInstantRewards.getAccruedRewards
DA:25,4007
FNF:1
FNH:1
LF:1
LH:1
BRF:0
BRH:0
end_of_record
TN:
SF:src/uni-v3-staker/UniswapV3Staker.sol
FN:62,UniswapV3Staker.stakes
FNDA:0,UniswapV3Staker.stakes
DA:68,7
DA:69,7
DA:70,7
DA:71,7
BRDA:71,0,0,-
BRDA:71,0,1,7
DA:72,0
FN:77,UniswapV3Staker.userAttachements
FNDA:0,UniswapV3Staker.userAttachements
DA:78,0
FN:143,UniswapV3Staker.createIncentiveFromGauge
FNDA:0,UniswapV3Staker.createIncentiveFromGauge
DA:144,0
BRDA:144,1,0,-
BRDA:144,1,1,-
DA:146,0
DA:148,0
BRDA:148,2,0,-
BRDA:148,2,1,-
DA:150,0
DA:152,0
DA:153,0
DA:155,0
DA:157,0
DA:159,0
FN:163,UniswapV3Staker.createIncentive
FNDA:6,UniswapV3Staker.createIncentive
DA:164,6
BRDA:164,3,0,-
BRDA:164,3,1,6
DA:166,6
DA:168,6
BRDA:168,4,0,-
BRDA:168,4,1,6
DA:170,6
BRDA:170,5,0,-
BRDA:170,5,1,6
DA:171,6
BRDA:171,6,0,-
BRDA:171,6,1,6
DA:172,0
DA:175,6
BRDA:175,7,0,-
BRDA:175,7,1,6
DA:176,0
DA:179,6
DA:181,6
DA:183,6
DA:185,6
FN:193,UniswapV3Staker.endIncentive
FNDA:3,UniswapV3Staker.endIncentive
DA:194,3
BRDA:194,8,0,-
BRDA:194,8,1,3
DA:195,0
DA:198,3
DA:200,3
DA:202,3
DA:204,3
BRDA:204,9,0,1
BRDA:204,9,1,2
DA:205,2
BRDA:205,10,0,-
BRDA:205,10,1,2
DA:208,2
DA:210,2
DA:214,2
FN:224,UniswapV3Staker.onERC721Received
FNDA:6,UniswapV3Staker.onERC721Received
DA:229,6
DA:230,6
BRDA:230,11,0,-
BRDA:230,11,1,6
DA:232,6
DA:233,6
DA:235,6
DA:236,6
DA:237,6
DA:238,6
DA:239,6
DA:242,6
DA:244,6
FN:252,UniswapV3Staker.withdrawToken
FNDA:0,UniswapV3Staker.withdrawToken
DA:253,0
BRDA:253,12,0,-
BRDA:253,12,1,-
DA:255,0
DA:257,0
BRDA:257,13,0,-
BRDA:257,13,1,-
DA:258,0
BRDA:258,14,0,-
BRDA:258,14,1,-
DA:260,0
DA:261,0
DA:263,0
FN:271,UniswapV3Staker.claimReward
FNDA:0,UniswapV3Staker.claimReward
DA:272,0
DA:273,0
BRDA:273,15,0,-
BRDA:273,15,1,-
DA:274,0
BRDA:274,16,0,-
BRDA:274,16,1,-
DA:275,0
DA:276,0
DA:279,0
DA:282,0
BRDA:282,17,0,-
BRDA:282,17,1,-
DA:284,0
FN:288,UniswapV3Staker.claimAllRewards
FNDA:3,UniswapV3Staker.claimAllRewards
DA:289,3
DA:290,3
DA:292,3
BRDA:292,18,0,3
BRDA:292,18,1,3
DA:294,3
FN:298,UniswapV3Staker.getRewardInfo
FNDA:3,UniswapV3Staker.getRewardInfo
DA:304,3
DA:306,3
DA:307,3
DA:309,3
DA:311,3
DA:312,3
DA:313,3
DA:315,3
BRDA:315,19,0,-
BRDA:315,19,1,3
DA:317,3
DA:320,3
DA:321,3
BRDA:321,20,0,-
BRDA:321,20,1,3
DA:323,3
DA:324,3
DA:326,3
DA:336,3
DA:337,3
FN:351,UniswapV3Staker.restakeToken
FNDA:0,UniswapV3Staker.restakeToken
DA:352,0
DA:353,0
BRDA:353,21,0,-
BRDA:353,21,1,-
DA:355,0
DA:356,0
DA:358,0
FN:366,UniswapV3Staker.unstakeToken
FNDA:4,UniswapV3Staker.unstakeToken
DA:367,4
DA:368,4
BRDA:368,22,0,4
BRDA:368,22,1,4
FN:372,UniswapV3Staker.unstakeToken
FNDA:0,UniswapV3Staker.unstakeToken
DA:373,0
FN:376,UniswapV3Staker._unstakeToken
FNDA:4,UniswapV3Staker._unstakeToken
DA:377,4
DA:379,4
DA:380,4
DA:382,4
DA:385,4
BRDA:385,23,0,-
BRDA:385,23,1,4
BRDA:385,24,0,-
BRDA:385,24,1,4
DA:389,4
DA:391,4
BRDA:391,25,0,-
BRDA:391,25,1,-
DA:393,4
DA:403,4
DA:404,4
DA:405,4
DA:407,4
DA:408,4
DA:410,4
DA:413,4
BRDA:413,26,0,-
BRDA:413,26,1,4
DA:414,4
BRDA:414,27,0,-
BRDA:414,27,1,4
DA:416,4
DA:417,4
DA:418,4
DA:422,4
DA:423,4
DA:424,4
BRDA:424,28,0,-
BRDA:424,28,1,4
DA:426,4
DA:427,4
DA:429,4
DA:439,4
DA:440,4
DA:441,4
DA:442,4
DA:455,4
DA:457,4
DA:459,4
DA:463,4
DA:466,4
DA:467,4
DA:468,4
DA:469,4
BRDA:469,29,0,-
BRDA:469,29,1,4
DA:470,4
DA:471,4
FN:479,UniswapV3Staker.stakeToken
FNDA:1,UniswapV3Staker.stakeToken
DA:480,1
BRDA:480,30,0,1
BRDA:480,30,1,-
DA:482,0
DA:483,0
DA:485,0
FN:489,UniswapV3Staker._stakeToken
FNDA:6,UniswapV3Staker._stakeToken
DA:492,6
DA:494,6
DA:496,6
DA:498,6
BRDA:498,31,0,-
BRDA:498,31,1,6
DA:499,6
BRDA:499,32,0,-
BRDA:499,32,1,6
DA:500,6
BRDA:500,33,0,-
BRDA:500,33,1,6
DA:502,6
DA:504,6
DA:507,6
DA:508,6
BRDA:508,34,0,-
BRDA:508,34,1,6
DA:510,6
DA:512,6
DA:513,6
BRDA:513,35,0,-
BRDA:513,35,1,6
DA:514,6
DA:515,6
DA:516,6
DA:519,6
DA:520,6
DA:522,6
DA:524,6
DA:526,6
BRDA:526,36,0,6
BRDA:526,36,1,-
DA:527,6
DA:528,6
DA:530,0
DA:531,0
DA:532,0
DA:535,6
FN:543,UniswapV3Staker.updateGauges
FNDA:38006,UniswapV3Staker.updateGauges
DA:544,38006
DA:546,38006
DA:547,38006
DA:557,38006
BRDA:557,37,0,-
BRDA:557,37,1,-
BRDA:557,38,0,-
BRDA:557,38,1,-
DA:559,38006
BRDA:559,39,0,37006
BRDA:559,39,1,38006
DA:560,37006
DA:562,37006
DA:563,37006
DA:566,38006
BRDA:566,40,0,-
BRDA:566,40,1,38006
DA:567,0
DA:568,0
DA:571,0
DA:572,0
DA:574,38006
DA:575,38006
FN:580,UniswapV3Staker.updateBribeDepot
FNDA:0,UniswapV3Staker.updateBribeDepot
DA:581,38006
DA:582,38006
BRDA:582,41,0,37006
BRDA:582,41,1,38006
DA:583,37006
DA:585,37006
FN:590,UniswapV3Staker.updatePoolMinimumWidth
FNDA:0,UniswapV3Staker.updatePoolMinimumWidth
DA:591,38006
DA:592,38006
BRDA:592,42,0,958
BRDA:592,42,1,38006
DA:593,958
DA:595,958
FNF:19
FNH:10
LF:184
LH:139
BRF:86
BRH:37
end_of_record
TN:
SF:src/uni-v3-staker/libraries/IncentiveId.sol
FN:16,IncentiveId.compute
FNDA:22,IncentiveId.compute
DA:20,22
FNF:1
FNH:1
LF:1
LH:1
BRF:0
BRH:0
end_of_record
TN:
SF:src/uni-v3-staker/libraries/IncentiveTime.sol
FN:18,IncentiveTime.computeStart
FNDA:12,IncentiveTime.computeStart
DA:21,12
FN:24,IncentiveTime.computeEnd
FNDA:0,IncentiveTime.computeEnd
DA:27,0
FN:32,IncentiveTime.getEnd
FNDA:3,IncentiveTime.getEnd
DA:33,3
FN:36,IncentiveTime.getEndAndDuration
FNDA:7,IncentiveTime.getEndAndDuration
DA:41,7
BRDA:41,0,0,-
BRDA:41,0,1,7
DA:42,7
DA:45,7
DA:47,7
FNF:4
FNH:3
LF:7
LH:6
BRF:2
BRH:1
end_of_record
TN:
SF:src/uni-v3-staker/libraries/NFTPositionInfo.sol
FN:21,NFTPositionInfo.getPositionInfo
FNDA:6,NFTPositionInfo.getPositionInfo
DA:26,6
DA:28,6
DA:30,6
FNF:1
FNH:1
LF:3
LH:3
BRF:0
BRH:0
end_of_record
TN:
SF:src/uni-v3-staker/libraries/RewardMath.sol
FN:28,RewardMath.computeBoostedSecondsInsideX128
FNDA:7,RewardMath.computeBoostedSecondsInsideX128
DA:36,7
DA:39,7
DA:42,7
BRDA:42,0,0,-
BRDA:42,0,1,4
DA:45,4
DA:51,4
BRDA:51,1,0,-
BRDA:51,1,1,4
DA:52,0
DA:56,3
FN:70,RewardMath.computeBoostedRewardAmount
FNDA:7,RewardMath.computeBoostedRewardAmount
DA:79,7
BRDA:79,2,0,-
BRDA:79,2,1,7
DA:81,7
DA:83,7
FNF:2
FNH:2
LF:10
LH:9
BRF:6
BRH:3
end_of_record
